[2026-05-12T21:44:54.107+0000] {processor.py:161} INFO - Started process (PID=217) to work on /opt/airflow/dags/api/videostatistics.py
[2026-05-12T21:44:54.108+0000] {processor.py:830} INFO - Processing file /opt/airflow/dags/api/videostatistics.py for tasks to queue
[2026-05-12T21:44:54.111+0000] {logging_mixin.py:188} INFO - [2026-05-12T21:44:54.110+0000] {dagbag.py:545} INFO - Filling up the DagBag from /opt/airflow/dags/api/videostatistics.py
[2026-05-12T21:44:54.123+0000] {processor.py:842} WARNING - No viable dags retrieved from /opt/airflow/dags/api/videostatistics.py
[2026-05-12T21:44:54.139+0000] {processor.py:183} INFO - Processing /opt/airflow/dags/api/videostatistics.py took 0.039 seconds
[2026-05-12T21:45:00.276+0000] {processor.py:161} INFO - Started process (PID=218) to work on /opt/airflow/dags/api/videostatistics.py
[2026-05-12T21:45:00.278+0000] {processor.py:830} INFO - Processing file /opt/airflow/dags/api/videostatistics.py for tasks to queue
[2026-05-12T21:45:00.281+0000] {logging_mixin.py:188} INFO - [2026-05-12T21:45:00.280+0000] {dagbag.py:545} INFO - Filling up the DagBag from /opt/airflow/dags/api/videostatistics.py
[2026-05-12T21:45:00.301+0000] {processor.py:842} WARNING - No viable dags retrieved from /opt/airflow/dags/api/videostatistics.py
[2026-05-12T21:45:00.335+0000] {processor.py:183} INFO - Processing /opt/airflow/dags/api/videostatistics.py took 0.068 seconds
[2026-05-12T21:45:30.547+0000] {processor.py:161} INFO - Started process (PID=226) to work on /opt/airflow/dags/api/videostatistics.py
[2026-05-12T21:45:30.550+0000] {processor.py:830} INFO - Processing file /opt/airflow/dags/api/videostatistics.py for tasks to queue
[2026-05-12T21:45:30.554+0000] {logging_mixin.py:188} INFO - [2026-05-12T21:45:30.553+0000] {dagbag.py:545} INFO - Filling up the DagBag from /opt/airflow/dags/api/videostatistics.py
[2026-05-12T21:45:30.583+0000] {processor.py:842} WARNING - No viable dags retrieved from /opt/airflow/dags/api/videostatistics.py
[2026-05-12T21:45:31.008+0000] {processor.py:183} INFO - Processing /opt/airflow/dags/api/videostatistics.py took 0.477 seconds
[2026-05-12T21:46:01.248+0000] {processor.py:161} INFO - Started process (PID=233) to work on /opt/airflow/dags/api/videostatistics.py
[2026-05-12T21:46:01.253+0000] {processor.py:830} INFO - Processing file /opt/airflow/dags/api/videostatistics.py for tasks to queue
[2026-05-12T21:46:01.260+0000] {logging_mixin.py:188} INFO - [2026-05-12T21:46:01.258+0000] {dagbag.py:545} INFO - Filling up the DagBag from /opt/airflow/dags/api/videostatistics.py
[2026-05-12T21:46:01.285+0000] {processor.py:842} WARNING - No viable dags retrieved from /opt/airflow/dags/api/videostatistics.py
[2026-05-12T21:46:01.350+0000] {processor.py:183} INFO - Processing /opt/airflow/dags/api/videostatistics.py took 0.135 seconds
[2026-05-12T21:46:31.887+0000] {processor.py:161} INFO - Started process (PID=241) to work on /opt/airflow/dags/api/videostatistics.py
[2026-05-12T21:46:31.889+0000] {processor.py:830} INFO - Processing file /opt/airflow/dags/api/videostatistics.py for tasks to queue
[2026-05-12T21:46:31.891+0000] {logging_mixin.py:188} INFO - [2026-05-12T21:46:31.890+0000] {dagbag.py:545} INFO - Filling up the DagBag from /opt/airflow/dags/api/videostatistics.py
[2026-05-12T21:46:31.912+0000] {processor.py:842} WARNING - No viable dags retrieved from /opt/airflow/dags/api/videostatistics.py
[2026-05-12T21:46:31.946+0000] {processor.py:183} INFO - Processing /opt/airflow/dags/api/videostatistics.py took 0.076 seconds
[2026-05-12T21:47:02.088+0000] {processor.py:161} INFO - Started process (PID=249) to work on /opt/airflow/dags/api/videostatistics.py
[2026-05-12T21:47:02.090+0000] {processor.py:830} INFO - Processing file /opt/airflow/dags/api/videostatistics.py for tasks to queue
[2026-05-12T21:47:02.092+0000] {logging_mixin.py:188} INFO - [2026-05-12T21:47:02.091+0000] {dagbag.py:545} INFO - Filling up the DagBag from /opt/airflow/dags/api/videostatistics.py
[2026-05-12T21:47:02.099+0000] {processor.py:842} WARNING - No viable dags retrieved from /opt/airflow/dags/api/videostatistics.py
[2026-05-12T21:47:02.111+0000] {processor.py:183} INFO - Processing /opt/airflow/dags/api/videostatistics.py took 0.029 seconds
[2026-05-12T21:47:32.366+0000] {processor.py:161} INFO - Started process (PID=257) to work on /opt/airflow/dags/api/videostatistics.py
[2026-05-12T21:47:32.369+0000] {processor.py:830} INFO - Processing file /opt/airflow/dags/api/videostatistics.py for tasks to queue
[2026-05-12T21:47:32.372+0000] {logging_mixin.py:188} INFO - [2026-05-12T21:47:32.372+0000] {dagbag.py:545} INFO - Filling up the DagBag from /opt/airflow/dags/api/videostatistics.py
[2026-05-12T21:47:32.381+0000] {processor.py:842} WARNING - No viable dags retrieved from /opt/airflow/dags/api/videostatistics.py
[2026-05-12T21:47:32.392+0000] {processor.py:183} INFO - Processing /opt/airflow/dags/api/videostatistics.py took 0.034 seconds
[2026-05-12T21:48:02.647+0000] {processor.py:161} INFO - Started process (PID=265) to work on /opt/airflow/dags/api/videostatistics.py
[2026-05-12T21:48:02.649+0000] {processor.py:830} INFO - Processing file /opt/airflow/dags/api/videostatistics.py for tasks to queue
[2026-05-12T21:48:02.651+0000] {logging_mixin.py:188} INFO - [2026-05-12T21:48:02.650+0000] {dagbag.py:545} INFO - Filling up the DagBag from /opt/airflow/dags/api/videostatistics.py
[2026-05-12T21:48:02.659+0000] {processor.py:842} WARNING - No viable dags retrieved from /opt/airflow/dags/api/videostatistics.py
[2026-05-12T21:48:02.671+0000] {processor.py:183} INFO - Processing /opt/airflow/dags/api/videostatistics.py took 0.029 seconds
[2026-05-12T21:48:32.934+0000] {processor.py:161} INFO - Started process (PID=273) to work on /opt/airflow/dags/api/videostatistics.py
[2026-05-12T21:48:32.936+0000] {processor.py:830} INFO - Processing file /opt/airflow/dags/api/videostatistics.py for tasks to queue
[2026-05-12T21:48:32.939+0000] {logging_mixin.py:188} INFO - [2026-05-12T21:48:32.939+0000] {dagbag.py:545} INFO - Filling up the DagBag from /opt/airflow/dags/api/videostatistics.py
[2026-05-12T21:48:32.951+0000] {processor.py:842} WARNING - No viable dags retrieved from /opt/airflow/dags/api/videostatistics.py
[2026-05-12T21:48:32.964+0000] {processor.py:183} INFO - Processing /opt/airflow/dags/api/videostatistics.py took 0.048 seconds
[2026-05-12T21:49:03.224+0000] {processor.py:161} INFO - Started process (PID=281) to work on /opt/airflow/dags/api/videostatistics.py
[2026-05-12T21:49:03.227+0000] {processor.py:830} INFO - Processing file /opt/airflow/dags/api/videostatistics.py for tasks to queue
[2026-05-12T21:49:03.231+0000] {logging_mixin.py:188} INFO - [2026-05-12T21:49:03.229+0000] {dagbag.py:545} INFO - Filling up the DagBag from /opt/airflow/dags/api/videostatistics.py
[2026-05-12T21:49:03.251+0000] {processor.py:842} WARNING - No viable dags retrieved from /opt/airflow/dags/api/videostatistics.py
[2026-05-12T21:49:03.299+0000] {processor.py:183} INFO - Processing /opt/airflow/dags/api/videostatistics.py took 0.092 seconds
[2026-05-12T21:49:33.902+0000] {processor.py:161} INFO - Started process (PID=289) to work on /opt/airflow/dags/api/videostatistics.py
[2026-05-12T21:49:33.905+0000] {processor.py:830} INFO - Processing file /opt/airflow/dags/api/videostatistics.py for tasks to queue
[2026-05-12T21:49:33.917+0000] {logging_mixin.py:188} INFO - [2026-05-12T21:49:33.912+0000] {dagbag.py:545} INFO - Filling up the DagBag from /opt/airflow/dags/api/videostatistics.py
[2026-05-12T21:49:33.951+0000] {processor.py:842} WARNING - No viable dags retrieved from /opt/airflow/dags/api/videostatistics.py
[2026-05-12T21:49:34.514+0000] {processor.py:183} INFO - Processing /opt/airflow/dags/api/videostatistics.py took 0.627 seconds
[2026-05-12T21:50:04.955+0000] {processor.py:161} INFO - Started process (PID=297) to work on /opt/airflow/dags/api/videostatistics.py
[2026-05-12T21:50:04.959+0000] {processor.py:830} INFO - Processing file /opt/airflow/dags/api/videostatistics.py for tasks to queue
[2026-05-12T21:50:04.964+0000] {logging_mixin.py:188} INFO - [2026-05-12T21:50:04.963+0000] {dagbag.py:545} INFO - Filling up the DagBag from /opt/airflow/dags/api/videostatistics.py
[2026-05-12T21:50:04.990+0000] {processor.py:842} WARNING - No viable dags retrieved from /opt/airflow/dags/api/videostatistics.py
[2026-05-12T21:50:05.059+0000] {processor.py:183} INFO - Processing /opt/airflow/dags/api/videostatistics.py took 0.117 seconds
[2026-05-12T21:50:35.900+0000] {processor.py:161} INFO - Started process (PID=305) to work on /opt/airflow/dags/api/videostatistics.py
[2026-05-12T21:50:35.902+0000] {processor.py:830} INFO - Processing file /opt/airflow/dags/api/videostatistics.py for tasks to queue
[2026-05-12T21:50:35.908+0000] {logging_mixin.py:188} INFO - [2026-05-12T21:50:35.906+0000] {dagbag.py:545} INFO - Filling up the DagBag from /opt/airflow/dags/api/videostatistics.py
[2026-05-12T21:50:35.936+0000] {processor.py:842} WARNING - No viable dags retrieved from /opt/airflow/dags/api/videostatistics.py
[2026-05-12T21:50:35.980+0000] {processor.py:183} INFO - Processing /opt/airflow/dags/api/videostatistics.py took 0.095 seconds
[2026-05-12T21:51:07.110+0000] {processor.py:161} INFO - Started process (PID=313) to work on /opt/airflow/dags/api/videostatistics.py
[2026-05-12T21:51:07.124+0000] {processor.py:830} INFO - Processing file /opt/airflow/dags/api/videostatistics.py for tasks to queue
[2026-05-12T21:51:07.140+0000] {logging_mixin.py:188} INFO - [2026-05-12T21:51:07.134+0000] {dagbag.py:545} INFO - Filling up the DagBag from /opt/airflow/dags/api/videostatistics.py
[2026-05-12T21:51:07.269+0000] {processor.py:842} WARNING - No viable dags retrieved from /opt/airflow/dags/api/videostatistics.py
[2026-05-12T21:51:07.853+0000] {processor.py:183} INFO - Processing /opt/airflow/dags/api/videostatistics.py took 0.824 seconds
[2026-05-12T21:51:37.976+0000] {processor.py:161} INFO - Started process (PID=320) to work on /opt/airflow/dags/api/videostatistics.py
[2026-05-12T21:51:37.978+0000] {processor.py:830} INFO - Processing file /opt/airflow/dags/api/videostatistics.py for tasks to queue
[2026-05-12T21:51:37.982+0000] {logging_mixin.py:188} INFO - [2026-05-12T21:51:37.981+0000] {dagbag.py:545} INFO - Filling up the DagBag from /opt/airflow/dags/api/videostatistics.py
[2026-05-12T21:51:37.997+0000] {processor.py:842} WARNING - No viable dags retrieved from /opt/airflow/dags/api/videostatistics.py
[2026-05-12T21:51:38.018+0000] {processor.py:183} INFO - Processing /opt/airflow/dags/api/videostatistics.py took 0.051 seconds
[2026-05-12T21:52:08.243+0000] {processor.py:161} INFO - Started process (PID=328) to work on /opt/airflow/dags/api/videostatistics.py
[2026-05-12T21:52:08.245+0000] {processor.py:830} INFO - Processing file /opt/airflow/dags/api/videostatistics.py for tasks to queue
[2026-05-12T21:52:08.246+0000] {logging_mixin.py:188} INFO - [2026-05-12T21:52:08.246+0000] {dagbag.py:545} INFO - Filling up the DagBag from /opt/airflow/dags/api/videostatistics.py
[2026-05-12T21:52:08.255+0000] {processor.py:842} WARNING - No viable dags retrieved from /opt/airflow/dags/api/videostatistics.py
[2026-05-12T21:52:08.272+0000] {processor.py:183} INFO - Processing /opt/airflow/dags/api/videostatistics.py took 0.035 seconds
[2026-05-12T21:52:38.494+0000] {processor.py:161} INFO - Started process (PID=335) to work on /opt/airflow/dags/api/videostatistics.py
[2026-05-12T21:52:38.496+0000] {processor.py:830} INFO - Processing file /opt/airflow/dags/api/videostatistics.py for tasks to queue
[2026-05-12T21:52:38.498+0000] {logging_mixin.py:188} INFO - [2026-05-12T21:52:38.498+0000] {dagbag.py:545} INFO - Filling up the DagBag from /opt/airflow/dags/api/videostatistics.py
[2026-05-12T21:52:38.510+0000] {processor.py:842} WARNING - No viable dags retrieved from /opt/airflow/dags/api/videostatistics.py
[2026-05-12T21:52:38.528+0000] {processor.py:183} INFO - Processing /opt/airflow/dags/api/videostatistics.py took 0.040 seconds
[2026-05-12T21:53:33.371+0000] {processor.py:161} INFO - Started process (PID=344) to work on /opt/airflow/dags/api/videostatistics.py
[2026-05-12T21:53:33.389+0000] {processor.py:830} INFO - Processing file /opt/airflow/dags/api/videostatistics.py for tasks to queue
[2026-05-12T21:53:33.393+0000] {logging_mixin.py:188} INFO - [2026-05-12T21:53:33.393+0000] {dagbag.py:545} INFO - Filling up the DagBag from /opt/airflow/dags/api/videostatistics.py
[2026-05-12T21:53:33.423+0000] {processor.py:842} WARNING - No viable dags retrieved from /opt/airflow/dags/api/videostatistics.py
[2026-05-12T21:53:33.452+0000] {processor.py:183} INFO - Processing /opt/airflow/dags/api/videostatistics.py took 0.093 seconds
[2026-05-12T21:54:08.299+0000] {processor.py:161} INFO - Started process (PID=351) to work on /opt/airflow/dags/api/videostatistics.py
[2026-05-12T21:54:08.301+0000] {processor.py:830} INFO - Processing file /opt/airflow/dags/api/videostatistics.py for tasks to queue
[2026-05-12T21:54:08.306+0000] {logging_mixin.py:188} INFO - [2026-05-12T21:54:08.304+0000] {dagbag.py:545} INFO - Filling up the DagBag from /opt/airflow/dags/api/videostatistics.py
[2026-05-12T21:54:08.330+0000] {processor.py:842} WARNING - No viable dags retrieved from /opt/airflow/dags/api/videostatistics.py
[2026-05-12T21:54:08.373+0000] {processor.py:183} INFO - Processing /opt/airflow/dags/api/videostatistics.py took 0.092 seconds
