[2026-05-12T21:29:48.893+0000] {processor.py:161} INFO - Started process (PID=46) to work on /opt/airflow/dags/main.py
[2026-05-12T21:29:48.894+0000] {processor.py:830} INFO - Processing file /opt/airflow/dags/main.py for tasks to queue
[2026-05-12T21:29:48.897+0000] {logging_mixin.py:188} INFO - [2026-05-12T21:29:48.896+0000] {dagbag.py:545} INFO - Filling up the DagBag from /opt/airflow/dags/main.py
[2026-05-12T21:29:48.984+0000] {logging_mixin.py:188} INFO - [2026-05-12T21:29:48.982+0000] {dagbag.py:355} ERROR - Failed to import: /opt/airflow/dags/main.py
Traceback (most recent call last):
  File "/home/airflow/.local/lib/python3.10/site-packages/airflow/models/dagbag.py", line 351, in parse
    loader.exec_module(new_module)
  File "<frozen importlib._bootstrap_external>", line 883, in exec_module
  File "<frozen importlib._bootstrap>", line 241, in _call_with_frames_removed
  File "/opt/airflow/dags/main.py", line 38, in <module>
    save_to_json_task = save_to_json(extracted_data)
  File "/opt/airflow/dags/api/videostatistics.py", line 133, in save_to_json
    json.dump(extracted_data, json_outfile, indent=4, ensure_ascii=False)
  File "/usr/local/lib/python3.10/json/__init__.py", line 179, in dump
    for chunk in iterable:
  File "/usr/local/lib/python3.10/json/encoder.py", line 438, in _iterencode
    o = _default(o)
  File "/usr/local/lib/python3.10/json/encoder.py", line 179, in default
    raise TypeError(f'Object of type {o.__class__.__name__} '
TypeError: Object of type PlainXComArg is not JSON serializable
[2026-05-12T21:29:48.985+0000] {processor.py:842} WARNING - No viable dags retrieved from /opt/airflow/dags/main.py
[2026-05-12T21:29:49.001+0000] {processor.py:183} INFO - Processing /opt/airflow/dags/main.py took 0.116 seconds
[2026-05-12T21:30:24.048+0000] {processor.py:161} INFO - Started process (PID=53) to work on /opt/airflow/dags/main.py
[2026-05-12T21:30:24.147+0000] {processor.py:830} INFO - Processing file /opt/airflow/dags/main.py for tasks to queue
[2026-05-12T21:30:25.245+0000] {logging_mixin.py:188} INFO - [2026-05-12T21:30:24.822+0000] {dagbag.py:545} INFO - Filling up the DagBag from /opt/airflow/dags/main.py
[2026-05-12T21:30:34.944+0000] {logging_mixin.py:188} INFO - [2026-05-12T21:30:34.902+0000] {dagbag.py:355} ERROR - Failed to import: /opt/airflow/dags/main.py
Traceback (most recent call last):
  File "/home/airflow/.local/lib/python3.10/site-packages/airflow/models/dagbag.py", line 351, in parse
    loader.exec_module(new_module)
  File "<frozen importlib._bootstrap_external>", line 883, in exec_module
  File "<frozen importlib._bootstrap>", line 241, in _call_with_frames_removed
  File "/opt/airflow/dags/main.py", line 38, in <module>
    save_to_json_task = save_to_json(extracted_data)
  File "/opt/airflow/dags/api/videostatistics.py", line 133, in save_to_json
    json.dump(extracted_data, json_outfile, indent=4, ensure_ascii=False)
  File "/usr/local/lib/python3.10/json/__init__.py", line 179, in dump
    for chunk in iterable:
  File "/usr/local/lib/python3.10/json/encoder.py", line 438, in _iterencode
    o = _default(o)
  File "/usr/local/lib/python3.10/json/encoder.py", line 179, in default
    raise TypeError(f'Object of type {o.__class__.__name__} '
TypeError: Object of type PlainXComArg is not JSON serializable
[2026-05-12T21:30:34.965+0000] {processor.py:842} WARNING - No viable dags retrieved from /opt/airflow/dags/main.py
[2026-05-12T21:30:35.668+0000] {processor.py:183} INFO - Processing /opt/airflow/dags/main.py took 13.890 seconds
[2026-05-12T21:31:10.543+0000] {processor.py:161} INFO - Started process (PID=60) to work on /opt/airflow/dags/main.py
[2026-05-12T21:31:10.678+0000] {processor.py:830} INFO - Processing file /opt/airflow/dags/main.py for tasks to queue
[2026-05-12T21:31:11.018+0000] {logging_mixin.py:188} INFO - [2026-05-12T21:31:10.887+0000] {dagbag.py:545} INFO - Filling up the DagBag from /opt/airflow/dags/main.py
[2026-05-12T21:31:27.914+0000] {logging_mixin.py:188} INFO - [2026-05-12T21:31:26.450+0000] {dagbag.py:355} ERROR - Failed to import: /opt/airflow/dags/main.py
Traceback (most recent call last):
  File "/home/airflow/.local/lib/python3.10/site-packages/airflow/models/dagbag.py", line 351, in parse
    loader.exec_module(new_module)
  File "<frozen importlib._bootstrap_external>", line 883, in exec_module
  File "<frozen importlib._bootstrap>", line 241, in _call_with_frames_removed
  File "/opt/airflow/dags/main.py", line 38, in <module>
    save_to_json_task = save_to_json(extracted_data)
  File "/opt/airflow/dags/api/videostatistics.py", line 133, in save_to_json
    json.dump(extracted_data, json_outfile, indent=4, ensure_ascii=False)
  File "/usr/local/lib/python3.10/json/__init__.py", line 179, in dump
    for chunk in iterable:
  File "/usr/local/lib/python3.10/json/encoder.py", line 438, in _iterencode
    o = _default(o)
  File "/usr/local/lib/python3.10/json/encoder.py", line 179, in default
    raise TypeError(f'Object of type {o.__class__.__name__} '
TypeError: Object of type PlainXComArg is not JSON serializable
[2026-05-12T21:31:28.100+0000] {processor.py:842} WARNING - No viable dags retrieved from /opt/airflow/dags/main.py
[2026-05-12T21:31:42.281+0000] {processor.py:183} INFO - Processing /opt/airflow/dags/main.py took 33.768 seconds
[2026-05-12T21:32:12.846+0000] {processor.py:161} INFO - Started process (PID=72) to work on /opt/airflow/dags/main.py
[2026-05-12T21:32:12.850+0000] {processor.py:830} INFO - Processing file /opt/airflow/dags/main.py for tasks to queue
[2026-05-12T21:32:12.877+0000] {logging_mixin.py:188} INFO - [2026-05-12T21:32:12.873+0000] {dagbag.py:545} INFO - Filling up the DagBag from /opt/airflow/dags/main.py
[2026-05-12T21:32:13.134+0000] {logging_mixin.py:188} INFO - [2026-05-12T21:32:13.126+0000] {dagbag.py:355} ERROR - Failed to import: /opt/airflow/dags/main.py
Traceback (most recent call last):
  File "/home/airflow/.local/lib/python3.10/site-packages/airflow/models/dagbag.py", line 351, in parse
    loader.exec_module(new_module)
  File "<frozen importlib._bootstrap_external>", line 883, in exec_module
  File "<frozen importlib._bootstrap>", line 241, in _call_with_frames_removed
  File "/opt/airflow/dags/main.py", line 38, in <module>
    save_to_json_task = save_to_json(extracted_data)
  File "/opt/airflow/dags/api/videostatistics.py", line 133, in save_to_json
    json.dump(extracted_data, json_outfile, indent=4, ensure_ascii=False)
  File "/usr/local/lib/python3.10/json/__init__.py", line 179, in dump
    for chunk in iterable:
  File "/usr/local/lib/python3.10/json/encoder.py", line 438, in _iterencode
    o = _default(o)
  File "/usr/local/lib/python3.10/json/encoder.py", line 179, in default
    raise TypeError(f'Object of type {o.__class__.__name__} '
TypeError: Object of type PlainXComArg is not JSON serializable
[2026-05-12T21:32:13.136+0000] {processor.py:842} WARNING - No viable dags retrieved from /opt/airflow/dags/main.py
[2026-05-12T21:32:13.196+0000] {processor.py:183} INFO - Processing /opt/airflow/dags/main.py took 0.442 seconds
[2026-05-12T21:32:43.254+0000] {processor.py:161} INFO - Started process (PID=79) to work on /opt/airflow/dags/main.py
[2026-05-12T21:32:43.255+0000] {processor.py:830} INFO - Processing file /opt/airflow/dags/main.py for tasks to queue
[2026-05-12T21:32:43.257+0000] {logging_mixin.py:188} INFO - [2026-05-12T21:32:43.256+0000] {dagbag.py:545} INFO - Filling up the DagBag from /opt/airflow/dags/main.py
[2026-05-12T21:32:43.288+0000] {logging_mixin.py:188} INFO - [2026-05-12T21:32:43.287+0000] {dagbag.py:355} ERROR - Failed to import: /opt/airflow/dags/main.py
Traceback (most recent call last):
  File "/home/airflow/.local/lib/python3.10/site-packages/airflow/models/dagbag.py", line 351, in parse
    loader.exec_module(new_module)
  File "<frozen importlib._bootstrap_external>", line 883, in exec_module
  File "<frozen importlib._bootstrap>", line 241, in _call_with_frames_removed
  File "/opt/airflow/dags/main.py", line 38, in <module>
    save_to_json_task = save_to_json(extracted_data)
  File "/opt/airflow/dags/api/videostatistics.py", line 133, in save_to_json
    json.dump(extracted_data, json_outfile, indent=4, ensure_ascii=False)
  File "/usr/local/lib/python3.10/json/__init__.py", line 179, in dump
    for chunk in iterable:
  File "/usr/local/lib/python3.10/json/encoder.py", line 438, in _iterencode
    o = _default(o)
  File "/usr/local/lib/python3.10/json/encoder.py", line 179, in default
    raise TypeError(f'Object of type {o.__class__.__name__} '
TypeError: Object of type PlainXComArg is not JSON serializable
[2026-05-12T21:32:43.289+0000] {processor.py:842} WARNING - No viable dags retrieved from /opt/airflow/dags/main.py
[2026-05-12T21:32:43.307+0000] {processor.py:183} INFO - Processing /opt/airflow/dags/main.py took 0.059 seconds
[2026-05-12T21:33:13.447+0000] {processor.py:161} INFO - Started process (PID=86) to work on /opt/airflow/dags/main.py
[2026-05-12T21:33:13.448+0000] {processor.py:830} INFO - Processing file /opt/airflow/dags/main.py for tasks to queue
[2026-05-12T21:33:13.454+0000] {logging_mixin.py:188} INFO - [2026-05-12T21:33:13.453+0000] {dagbag.py:545} INFO - Filling up the DagBag from /opt/airflow/dags/main.py
[2026-05-12T21:33:13.524+0000] {logging_mixin.py:188} INFO - [2026-05-12T21:33:13.521+0000] {dagbag.py:355} ERROR - Failed to import: /opt/airflow/dags/main.py
Traceback (most recent call last):
  File "/home/airflow/.local/lib/python3.10/site-packages/airflow/models/dagbag.py", line 351, in parse
    loader.exec_module(new_module)
  File "<frozen importlib._bootstrap_external>", line 883, in exec_module
  File "<frozen importlib._bootstrap>", line 241, in _call_with_frames_removed
  File "/opt/airflow/dags/main.py", line 38, in <module>
    save_to_json_task = save_to_json(extracted_data)
  File "/opt/airflow/dags/api/videostatistics.py", line 133, in save_to_json
    json.dump(extracted_data, json_outfile, indent=4, ensure_ascii=False)
  File "/usr/local/lib/python3.10/json/__init__.py", line 179, in dump
    for chunk in iterable:
  File "/usr/local/lib/python3.10/json/encoder.py", line 438, in _iterencode
    o = _default(o)
  File "/usr/local/lib/python3.10/json/encoder.py", line 179, in default
    raise TypeError(f'Object of type {o.__class__.__name__} '
TypeError: Object of type PlainXComArg is not JSON serializable
[2026-05-12T21:33:13.524+0000] {processor.py:842} WARNING - No viable dags retrieved from /opt/airflow/dags/main.py
[2026-05-12T21:33:13.575+0000] {processor.py:183} INFO - Processing /opt/airflow/dags/main.py took 0.142 seconds
[2026-05-12T21:33:43.843+0000] {processor.py:161} INFO - Started process (PID=93) to work on /opt/airflow/dags/main.py
[2026-05-12T21:33:43.847+0000] {processor.py:830} INFO - Processing file /opt/airflow/dags/main.py for tasks to queue
[2026-05-12T21:33:43.858+0000] {logging_mixin.py:188} INFO - [2026-05-12T21:33:43.855+0000] {dagbag.py:545} INFO - Filling up the DagBag from /opt/airflow/dags/main.py
[2026-05-12T21:33:44.016+0000] {logging_mixin.py:188} INFO - [2026-05-12T21:33:44.010+0000] {dagbag.py:355} ERROR - Failed to import: /opt/airflow/dags/main.py
Traceback (most recent call last):
  File "/home/airflow/.local/lib/python3.10/site-packages/airflow/models/dagbag.py", line 351, in parse
    loader.exec_module(new_module)
  File "<frozen importlib._bootstrap_external>", line 883, in exec_module
  File "<frozen importlib._bootstrap>", line 241, in _call_with_frames_removed
  File "/opt/airflow/dags/main.py", line 38, in <module>
    save_to_json_task = save_to_json(extracted_data)
  File "/opt/airflow/dags/api/videostatistics.py", line 133, in save_to_json
    json.dump(extracted_data, json_outfile, indent=4, ensure_ascii=False)
  File "/usr/local/lib/python3.10/json/__init__.py", line 179, in dump
    for chunk in iterable:
  File "/usr/local/lib/python3.10/json/encoder.py", line 438, in _iterencode
    o = _default(o)
  File "/usr/local/lib/python3.10/json/encoder.py", line 179, in default
    raise TypeError(f'Object of type {o.__class__.__name__} '
TypeError: Object of type PlainXComArg is not JSON serializable
[2026-05-12T21:33:44.017+0000] {processor.py:842} WARNING - No viable dags retrieved from /opt/airflow/dags/main.py
[2026-05-12T21:33:44.097+0000] {processor.py:183} INFO - Processing /opt/airflow/dags/main.py took 0.281 seconds
[2026-05-12T21:34:15.122+0000] {processor.py:161} INFO - Started process (PID=100) to work on /opt/airflow/dags/main.py
[2026-05-12T21:34:15.191+0000] {processor.py:830} INFO - Processing file /opt/airflow/dags/main.py for tasks to queue
[2026-05-12T21:34:15.575+0000] {logging_mixin.py:188} INFO - [2026-05-12T21:34:15.462+0000] {dagbag.py:545} INFO - Filling up the DagBag from /opt/airflow/dags/main.py
[2026-05-12T21:34:33.217+0000] {logging_mixin.py:188} INFO - [2026-05-12T21:34:32.386+0000] {dagbag.py:355} ERROR - Failed to import: /opt/airflow/dags/main.py
Traceback (most recent call last):
  File "/home/airflow/.local/lib/python3.10/site-packages/airflow/models/dagbag.py", line 351, in parse
    loader.exec_module(new_module)
  File "<frozen importlib._bootstrap_external>", line 883, in exec_module
  File "<frozen importlib._bootstrap>", line 241, in _call_with_frames_removed
  File "/opt/airflow/dags/main.py", line 38, in <module>
    save_to_json_task = save_to_json(extracted_data)
  File "/opt/airflow/dags/api/videostatistics.py", line 133, in save_to_json
    json.dump(extracted_data, json_outfile, indent=4, ensure_ascii=False)
  File "/usr/local/lib/python3.10/json/__init__.py", line 179, in dump
    for chunk in iterable:
  File "/usr/local/lib/python3.10/json/encoder.py", line 438, in _iterencode
    o = _default(o)
  File "/usr/local/lib/python3.10/json/encoder.py", line 179, in default
    raise TypeError(f'Object of type {o.__class__.__name__} '
TypeError: Object of type PlainXComArg is not JSON serializable
[2026-05-12T21:34:33.626+0000] {processor.py:842} WARNING - No viable dags retrieved from /opt/airflow/dags/main.py
[2026-05-12T21:35:01.304+0000] {processor.py:183} INFO - Processing /opt/airflow/dags/main.py took 47.070 seconds
[2026-05-12T21:35:32.532+0000] {processor.py:161} INFO - Started process (PID=107) to work on /opt/airflow/dags/main.py
[2026-05-12T21:35:32.534+0000] {processor.py:830} INFO - Processing file /opt/airflow/dags/main.py for tasks to queue
[2026-05-12T21:35:32.545+0000] {logging_mixin.py:188} INFO - [2026-05-12T21:35:32.543+0000] {dagbag.py:545} INFO - Filling up the DagBag from /opt/airflow/dags/main.py
[2026-05-12T21:35:32.651+0000] {logging_mixin.py:188} INFO - [2026-05-12T21:35:32.646+0000] {dagbag.py:355} ERROR - Failed to import: /opt/airflow/dags/main.py
Traceback (most recent call last):
  File "/home/airflow/.local/lib/python3.10/site-packages/airflow/models/dagbag.py", line 351, in parse
    loader.exec_module(new_module)
  File "<frozen importlib._bootstrap_external>", line 883, in exec_module
  File "<frozen importlib._bootstrap>", line 241, in _call_with_frames_removed
  File "/opt/airflow/dags/main.py", line 38, in <module>
    save_to_json_task = save_to_json(extracted_data)
  File "/opt/airflow/dags/api/videostatistics.py", line 133, in save_to_json
    json.dump(extracted_data, json_outfile, indent=4, ensure_ascii=False)
  File "/usr/local/lib/python3.10/json/__init__.py", line 179, in dump
    for chunk in iterable:
  File "/usr/local/lib/python3.10/json/encoder.py", line 438, in _iterencode
    o = _default(o)
  File "/usr/local/lib/python3.10/json/encoder.py", line 179, in default
    raise TypeError(f'Object of type {o.__class__.__name__} '
TypeError: Object of type PlainXComArg is not JSON serializable
[2026-05-12T21:35:32.652+0000] {processor.py:842} WARNING - No viable dags retrieved from /opt/airflow/dags/main.py
[2026-05-12T21:35:32.701+0000] {processor.py:183} INFO - Processing /opt/airflow/dags/main.py took 0.194 seconds
[2026-05-12T21:36:04.260+0000] {processor.py:161} INFO - Started process (PID=114) to work on /opt/airflow/dags/main.py
[2026-05-12T21:36:04.304+0000] {processor.py:830} INFO - Processing file /opt/airflow/dags/main.py for tasks to queue
[2026-05-12T21:36:04.418+0000] {logging_mixin.py:188} INFO - [2026-05-12T21:36:04.362+0000] {dagbag.py:545} INFO - Filling up the DagBag from /opt/airflow/dags/main.py
[2026-05-12T21:36:09.358+0000] {logging_mixin.py:188} INFO - [2026-05-12T21:36:08.399+0000] {dagbag.py:355} ERROR - Failed to import: /opt/airflow/dags/main.py
Traceback (most recent call last):
  File "/home/airflow/.local/lib/python3.10/site-packages/airflow/models/dagbag.py", line 351, in parse
    loader.exec_module(new_module)
  File "<frozen importlib._bootstrap_external>", line 883, in exec_module
  File "<frozen importlib._bootstrap>", line 241, in _call_with_frames_removed
  File "/opt/airflow/dags/main.py", line 38, in <module>
    save_to_json_task = save_to_json(extracted_data)
  File "/opt/airflow/dags/api/videostatistics.py", line 133, in save_to_json
    json.dump(extracted_data, json_outfile, indent=4, ensure_ascii=False)
  File "/usr/local/lib/python3.10/json/__init__.py", line 179, in dump
    for chunk in iterable:
  File "/usr/local/lib/python3.10/json/encoder.py", line 438, in _iterencode
    o = _default(o)
  File "/usr/local/lib/python3.10/json/encoder.py", line 179, in default
    raise TypeError(f'Object of type {o.__class__.__name__} '
TypeError: Object of type PlainXComArg is not JSON serializable
[2026-05-12T21:36:09.691+0000] {processor.py:842} WARNING - No viable dags retrieved from /opt/airflow/dags/main.py
[2026-05-12T21:36:42.697+0000] {processor.py:183} INFO - Processing /opt/airflow/dags/main.py took 38.673 seconds
[2026-05-12T21:37:13.250+0000] {processor.py:161} INFO - Started process (PID=121) to work on /opt/airflow/dags/main.py
[2026-05-12T21:37:13.252+0000] {processor.py:830} INFO - Processing file /opt/airflow/dags/main.py for tasks to queue
[2026-05-12T21:37:13.256+0000] {logging_mixin.py:188} INFO - [2026-05-12T21:37:13.255+0000] {dagbag.py:545} INFO - Filling up the DagBag from /opt/airflow/dags/main.py
[2026-05-12T21:37:13.311+0000] {logging_mixin.py:188} INFO - [2026-05-12T21:37:13.308+0000] {dagbag.py:355} ERROR - Failed to import: /opt/airflow/dags/main.py
Traceback (most recent call last):
  File "/home/airflow/.local/lib/python3.10/site-packages/airflow/models/dagbag.py", line 351, in parse
    loader.exec_module(new_module)
  File "<frozen importlib._bootstrap_external>", line 883, in exec_module
  File "<frozen importlib._bootstrap>", line 241, in _call_with_frames_removed
  File "/opt/airflow/dags/main.py", line 38, in <module>
    save_to_json_task = save_to_json(extracted_data)
  File "/opt/airflow/dags/api/videostatistics.py", line 133, in save_to_json
    json.dump(extracted_data, json_outfile, indent=4, ensure_ascii=False)
  File "/usr/local/lib/python3.10/json/__init__.py", line 179, in dump
    for chunk in iterable:
  File "/usr/local/lib/python3.10/json/encoder.py", line 438, in _iterencode
    o = _default(o)
  File "/usr/local/lib/python3.10/json/encoder.py", line 179, in default
    raise TypeError(f'Object of type {o.__class__.__name__} '
TypeError: Object of type PlainXComArg is not JSON serializable
[2026-05-12T21:37:13.312+0000] {processor.py:842} WARNING - No viable dags retrieved from /opt/airflow/dags/main.py
[2026-05-12T21:37:13.345+0000] {processor.py:183} INFO - Processing /opt/airflow/dags/main.py took 0.113 seconds
[2026-05-12T21:37:43.998+0000] {processor.py:161} INFO - Started process (PID=128) to work on /opt/airflow/dags/main.py
[2026-05-12T21:37:44.000+0000] {processor.py:830} INFO - Processing file /opt/airflow/dags/main.py for tasks to queue
[2026-05-12T21:37:44.021+0000] {logging_mixin.py:188} INFO - [2026-05-12T21:37:44.019+0000] {dagbag.py:545} INFO - Filling up the DagBag from /opt/airflow/dags/main.py
[2026-05-12T21:37:44.115+0000] {logging_mixin.py:188} INFO - [2026-05-12T21:37:44.105+0000] {dagbag.py:355} ERROR - Failed to import: /opt/airflow/dags/main.py
Traceback (most recent call last):
  File "/home/airflow/.local/lib/python3.10/site-packages/airflow/models/dagbag.py", line 351, in parse
    loader.exec_module(new_module)
  File "<frozen importlib._bootstrap_external>", line 883, in exec_module
  File "<frozen importlib._bootstrap>", line 241, in _call_with_frames_removed
  File "/opt/airflow/dags/main.py", line 38, in <module>
    save_to_json_task = save_to_json(extracted_data)
  File "/opt/airflow/dags/api/videostatistics.py", line 133, in save_to_json
    json.dump(extracted_data, json_outfile, indent=4, ensure_ascii=False)
  File "/usr/local/lib/python3.10/json/__init__.py", line 179, in dump
    for chunk in iterable:
  File "/usr/local/lib/python3.10/json/encoder.py", line 438, in _iterencode
    o = _default(o)
  File "/usr/local/lib/python3.10/json/encoder.py", line 179, in default
    raise TypeError(f'Object of type {o.__class__.__name__} '
TypeError: Object of type PlainXComArg is not JSON serializable
[2026-05-12T21:37:44.116+0000] {processor.py:842} WARNING - No viable dags retrieved from /opt/airflow/dags/main.py
[2026-05-12T21:37:44.203+0000] {processor.py:183} INFO - Processing /opt/airflow/dags/main.py took 0.225 seconds
[2026-05-12T21:38:21.206+0000] {processor.py:161} INFO - Started process (PID=129) to work on /opt/airflow/dags/main.py
[2026-05-12T21:38:21.223+0000] {processor.py:830} INFO - Processing file /opt/airflow/dags/main.py for tasks to queue
[2026-05-12T21:38:21.303+0000] {logging_mixin.py:188} INFO - [2026-05-12T21:38:21.278+0000] {dagbag.py:545} INFO - Filling up the DagBag from /opt/airflow/dags/main.py
[2026-05-12T21:38:39.441+0000] {logging_mixin.py:188} INFO - [2026-05-12T21:38:39.399+0000] {dagbag.py:355} ERROR - Failed to import: /opt/airflow/dags/main.py
Traceback (most recent call last):
  File "/home/airflow/.local/lib/python3.10/site-packages/airflow/models/dagbag.py", line 351, in parse
    loader.exec_module(new_module)
  File "<frozen importlib._bootstrap_external>", line 883, in exec_module
  File "<frozen importlib._bootstrap>", line 241, in _call_with_frames_removed
  File "/opt/airflow/dags/main.py", line 38, in <module>
    save_to_json_task = save_to_json(extracted_data)
  File "/opt/airflow/dags/api/videostatistics.py", line 133, in save_to_json
    json.dump(extracted_data, json_outfile, indent=4, ensure_ascii=False)
  File "/usr/local/lib/python3.10/json/__init__.py", line 179, in dump
    for chunk in iterable:
  File "/usr/local/lib/python3.10/json/encoder.py", line 438, in _iterencode
    o = _default(o)
  File "/usr/local/lib/python3.10/json/encoder.py", line 179, in default
    raise TypeError(f'Object of type {o.__class__.__name__} '
TypeError: Object of type PlainXComArg is not JSON serializable
[2026-05-12T21:38:39.450+0000] {processor.py:842} WARNING - No viable dags retrieved from /opt/airflow/dags/main.py
[2026-05-12T21:38:39.959+0000] {processor.py:183} INFO - Processing /opt/airflow/dags/main.py took 18.628 seconds
[2026-05-12T21:39:10.320+0000] {processor.py:161} INFO - Started process (PID=141) to work on /opt/airflow/dags/main.py
[2026-05-12T21:39:10.322+0000] {processor.py:830} INFO - Processing file /opt/airflow/dags/main.py for tasks to queue
[2026-05-12T21:39:10.325+0000] {logging_mixin.py:188} INFO - [2026-05-12T21:39:10.324+0000] {dagbag.py:545} INFO - Filling up the DagBag from /opt/airflow/dags/main.py
[2026-05-12T21:39:10.387+0000] {logging_mixin.py:188} INFO - [2026-05-12T21:39:10.384+0000] {dagbag.py:355} ERROR - Failed to import: /opt/airflow/dags/main.py
Traceback (most recent call last):
  File "/home/airflow/.local/lib/python3.10/site-packages/airflow/models/dagbag.py", line 351, in parse
    loader.exec_module(new_module)
  File "<frozen importlib._bootstrap_external>", line 883, in exec_module
  File "<frozen importlib._bootstrap>", line 241, in _call_with_frames_removed
  File "/opt/airflow/dags/main.py", line 38, in <module>
    save_to_json_task = save_to_json(extracted_data)
  File "/opt/airflow/dags/api/videostatistics.py", line 133, in save_to_json
    json.dump(extracted_data, json_outfile, indent=4, ensure_ascii=False)
  File "/usr/local/lib/python3.10/json/__init__.py", line 179, in dump
    for chunk in iterable:
  File "/usr/local/lib/python3.10/json/encoder.py", line 438, in _iterencode
    o = _default(o)
  File "/usr/local/lib/python3.10/json/encoder.py", line 179, in default
    raise TypeError(f'Object of type {o.__class__.__name__} '
TypeError: Object of type PlainXComArg is not JSON serializable
[2026-05-12T21:39:10.387+0000] {processor.py:842} WARNING - No viable dags retrieved from /opt/airflow/dags/main.py
[2026-05-12T21:39:10.417+0000] {processor.py:183} INFO - Processing /opt/airflow/dags/main.py took 0.114 seconds
[2026-05-12T21:39:40.527+0000] {processor.py:161} INFO - Started process (PID=148) to work on /opt/airflow/dags/main.py
[2026-05-12T21:39:40.529+0000] {processor.py:830} INFO - Processing file /opt/airflow/dags/main.py for tasks to queue
[2026-05-12T21:39:40.531+0000] {logging_mixin.py:188} INFO - [2026-05-12T21:39:40.531+0000] {dagbag.py:545} INFO - Filling up the DagBag from /opt/airflow/dags/main.py
[2026-05-12T21:39:40.561+0000] {logging_mixin.py:188} INFO - [2026-05-12T21:39:40.559+0000] {dagbag.py:355} ERROR - Failed to import: /opt/airflow/dags/main.py
Traceback (most recent call last):
  File "/home/airflow/.local/lib/python3.10/site-packages/airflow/models/dagbag.py", line 351, in parse
    loader.exec_module(new_module)
  File "<frozen importlib._bootstrap_external>", line 883, in exec_module
  File "<frozen importlib._bootstrap>", line 241, in _call_with_frames_removed
  File "/opt/airflow/dags/main.py", line 38, in <module>
    save_to_json_task = save_to_json(extracted_data)
  File "/opt/airflow/dags/api/videostatistics.py", line 133, in save_to_json
    json.dump(extracted_data, json_outfile, indent=4, ensure_ascii=False)
  File "/usr/local/lib/python3.10/json/__init__.py", line 179, in dump
    for chunk in iterable:
  File "/usr/local/lib/python3.10/json/encoder.py", line 438, in _iterencode
    o = _default(o)
  File "/usr/local/lib/python3.10/json/encoder.py", line 179, in default
    raise TypeError(f'Object of type {o.__class__.__name__} '
TypeError: Object of type PlainXComArg is not JSON serializable
[2026-05-12T21:39:40.561+0000] {processor.py:842} WARNING - No viable dags retrieved from /opt/airflow/dags/main.py
[2026-05-12T21:39:40.579+0000] {processor.py:183} INFO - Processing /opt/airflow/dags/main.py took 0.060 seconds
[2026-05-12T21:40:10.773+0000] {processor.py:161} INFO - Started process (PID=155) to work on /opt/airflow/dags/main.py
[2026-05-12T21:40:10.775+0000] {processor.py:830} INFO - Processing file /opt/airflow/dags/main.py for tasks to queue
[2026-05-12T21:40:10.779+0000] {logging_mixin.py:188} INFO - [2026-05-12T21:40:10.778+0000] {dagbag.py:545} INFO - Filling up the DagBag from /opt/airflow/dags/main.py
[2026-05-12T21:40:10.809+0000] {logging_mixin.py:188} INFO - [2026-05-12T21:40:10.808+0000] {dagbag.py:355} ERROR - Failed to import: /opt/airflow/dags/main.py
Traceback (most recent call last):
  File "/home/airflow/.local/lib/python3.10/site-packages/airflow/models/dagbag.py", line 351, in parse
    loader.exec_module(new_module)
  File "<frozen importlib._bootstrap_external>", line 883, in exec_module
  File "<frozen importlib._bootstrap>", line 241, in _call_with_frames_removed
  File "/opt/airflow/dags/main.py", line 38, in <module>
    save_to_json_task = save_to_json(extracted_data)
  File "/opt/airflow/dags/api/videostatistics.py", line 133, in save_to_json
    json.dump(extracted_data, json_outfile, indent=4, ensure_ascii=False)
  File "/usr/local/lib/python3.10/json/__init__.py", line 179, in dump
    for chunk in iterable:
  File "/usr/local/lib/python3.10/json/encoder.py", line 438, in _iterencode
    o = _default(o)
  File "/usr/local/lib/python3.10/json/encoder.py", line 179, in default
    raise TypeError(f'Object of type {o.__class__.__name__} '
TypeError: Object of type PlainXComArg is not JSON serializable
[2026-05-12T21:40:10.810+0000] {processor.py:842} WARNING - No viable dags retrieved from /opt/airflow/dags/main.py
[2026-05-12T21:40:10.827+0000] {processor.py:183} INFO - Processing /opt/airflow/dags/main.py took 0.058 seconds
[2026-05-12T21:40:41.131+0000] {processor.py:161} INFO - Started process (PID=162) to work on /opt/airflow/dags/main.py
[2026-05-12T21:40:41.135+0000] {processor.py:830} INFO - Processing file /opt/airflow/dags/main.py for tasks to queue
[2026-05-12T21:40:41.151+0000] {logging_mixin.py:188} INFO - [2026-05-12T21:40:41.148+0000] {dagbag.py:545} INFO - Filling up the DagBag from /opt/airflow/dags/main.py
[2026-05-12T21:40:41.245+0000] {logging_mixin.py:188} INFO - [2026-05-12T21:40:41.241+0000] {dagbag.py:355} ERROR - Failed to import: /opt/airflow/dags/main.py
Traceback (most recent call last):
  File "/home/airflow/.local/lib/python3.10/site-packages/airflow/models/dagbag.py", line 351, in parse
    loader.exec_module(new_module)
  File "<frozen importlib._bootstrap_external>", line 883, in exec_module
  File "<frozen importlib._bootstrap>", line 241, in _call_with_frames_removed
  File "/opt/airflow/dags/main.py", line 38, in <module>
    save_to_json_task = save_to_json(extracted_data)
  File "/opt/airflow/dags/api/videostatistics.py", line 133, in save_to_json
    json.dump(extracted_data, json_outfile, indent=4, ensure_ascii=False)
  File "/usr/local/lib/python3.10/json/__init__.py", line 179, in dump
    for chunk in iterable:
  File "/usr/local/lib/python3.10/json/encoder.py", line 438, in _iterencode
    o = _default(o)
  File "/usr/local/lib/python3.10/json/encoder.py", line 179, in default
    raise TypeError(f'Object of type {o.__class__.__name__} '
TypeError: Object of type PlainXComArg is not JSON serializable
[2026-05-12T21:40:41.246+0000] {processor.py:842} WARNING - No viable dags retrieved from /opt/airflow/dags/main.py
[2026-05-12T21:40:41.288+0000] {processor.py:183} INFO - Processing /opt/airflow/dags/main.py took 0.203 seconds
[2026-05-12T21:41:11.534+0000] {processor.py:161} INFO - Started process (PID=169) to work on /opt/airflow/dags/main.py
[2026-05-12T21:41:11.537+0000] {processor.py:830} INFO - Processing file /opt/airflow/dags/main.py for tasks to queue
[2026-05-12T21:41:11.541+0000] {logging_mixin.py:188} INFO - [2026-05-12T21:41:11.539+0000] {dagbag.py:545} INFO - Filling up the DagBag from /opt/airflow/dags/main.py
[2026-05-12T21:41:11.593+0000] {logging_mixin.py:188} INFO - [2026-05-12T21:41:11.587+0000] {dagbag.py:355} ERROR - Failed to import: /opt/airflow/dags/main.py
Traceback (most recent call last):
  File "/home/airflow/.local/lib/python3.10/site-packages/airflow/models/dagbag.py", line 351, in parse
    loader.exec_module(new_module)
  File "<frozen importlib._bootstrap_external>", line 883, in exec_module
  File "<frozen importlib._bootstrap>", line 241, in _call_with_frames_removed
  File "/opt/airflow/dags/main.py", line 38, in <module>
    save_to_json_task = save_to_json(extracted_data)
  File "/opt/airflow/dags/api/videostatistics.py", line 133, in save_to_json
    json.dump(extracted_data, json_outfile, indent=4, ensure_ascii=False)
  File "/usr/local/lib/python3.10/json/__init__.py", line 179, in dump
    for chunk in iterable:
  File "/usr/local/lib/python3.10/json/encoder.py", line 438, in _iterencode
    o = _default(o)
  File "/usr/local/lib/python3.10/json/encoder.py", line 179, in default
    raise TypeError(f'Object of type {o.__class__.__name__} '
TypeError: Object of type PlainXComArg is not JSON serializable
[2026-05-12T21:41:11.593+0000] {processor.py:842} WARNING - No viable dags retrieved from /opt/airflow/dags/main.py
[2026-05-12T21:41:11.639+0000] {processor.py:183} INFO - Processing /opt/airflow/dags/main.py took 0.116 seconds
[2026-05-12T21:41:42.037+0000] {processor.py:161} INFO - Started process (PID=175) to work on /opt/airflow/dags/main.py
[2026-05-12T21:41:42.062+0000] {processor.py:830} INFO - Processing file /opt/airflow/dags/main.py for tasks to queue
[2026-05-12T21:41:42.129+0000] {logging_mixin.py:188} INFO - [2026-05-12T21:41:42.092+0000] {dagbag.py:545} INFO - Filling up the DagBag from /opt/airflow/dags/main.py
[2026-05-12T21:41:44.412+0000] {logging_mixin.py:188} INFO - [2026-05-12T21:41:44.393+0000] {dagbag.py:355} ERROR - Failed to import: /opt/airflow/dags/main.py
Traceback (most recent call last):
  File "/home/airflow/.local/lib/python3.10/site-packages/airflow/models/dagbag.py", line 351, in parse
    loader.exec_module(new_module)
  File "<frozen importlib._bootstrap_external>", line 883, in exec_module
  File "<frozen importlib._bootstrap>", line 241, in _call_with_frames_removed
  File "/opt/airflow/dags/main.py", line 38, in <module>
    save_to_json_task = save_to_json(extracted_data)
  File "/opt/airflow/dags/api/videostatistics.py", line 130, in save_to_json
    json.dump(extracted_data, json_outfile, indent=4, ensure_ascii=False)
  File "/usr/local/lib/python3.10/json/__init__.py", line 179, in dump
    for chunk in iterable:
  File "/usr/local/lib/python3.10/json/encoder.py", line 438, in _iterencode
    o = _default(o)
  File "/usr/local/lib/python3.10/json/encoder.py", line 179, in default
    raise TypeError(f'Object of type {o.__class__.__name__} '
TypeError: Object of type PlainXComArg is not JSON serializable
[2026-05-12T21:41:44.423+0000] {processor.py:842} WARNING - No viable dags retrieved from /opt/airflow/dags/main.py
[2026-05-12T21:41:45.082+0000] {processor.py:183} INFO - Processing /opt/airflow/dags/main.py took 3.094 seconds
[2026-05-12T21:42:15.690+0000] {processor.py:161} INFO - Started process (PID=181) to work on /opt/airflow/dags/main.py
[2026-05-12T21:42:15.691+0000] {processor.py:830} INFO - Processing file /opt/airflow/dags/main.py for tasks to queue
[2026-05-12T21:42:15.695+0000] {logging_mixin.py:188} INFO - [2026-05-12T21:42:15.694+0000] {dagbag.py:545} INFO - Filling up the DagBag from /opt/airflow/dags/main.py
[2026-05-12T21:42:15.749+0000] {logging_mixin.py:188} INFO - [2026-05-12T21:42:15.745+0000] {dagbag.py:355} ERROR - Failed to import: /opt/airflow/dags/main.py
Traceback (most recent call last):
  File "/home/airflow/.local/lib/python3.10/site-packages/airflow/models/dagbag.py", line 351, in parse
    loader.exec_module(new_module)
  File "<frozen importlib._bootstrap_external>", line 883, in exec_module
  File "<frozen importlib._bootstrap>", line 241, in _call_with_frames_removed
  File "/opt/airflow/dags/main.py", line 38, in <module>
    save_to_json_task = save_to_json(extracted_data)
  File "/opt/airflow/dags/api/videostatistics.py", line 130, in save_to_json
    json.dump(extracted_data, json_outfile, indent=4, ensure_ascii=False)
  File "/usr/local/lib/python3.10/json/__init__.py", line 179, in dump
    for chunk in iterable:
  File "/usr/local/lib/python3.10/json/encoder.py", line 438, in _iterencode
    o = _default(o)
  File "/usr/local/lib/python3.10/json/encoder.py", line 179, in default
    raise TypeError(f'Object of type {o.__class__.__name__} '
TypeError: Object of type PlainXComArg is not JSON serializable
[2026-05-12T21:42:15.749+0000] {processor.py:842} WARNING - No viable dags retrieved from /opt/airflow/dags/main.py
[2026-05-12T21:42:15.773+0000] {processor.py:183} INFO - Processing /opt/airflow/dags/main.py took 0.092 seconds
[2026-05-12T21:42:45.944+0000] {processor.py:161} INFO - Started process (PID=188) to work on /opt/airflow/dags/main.py
[2026-05-12T21:42:45.946+0000] {processor.py:830} INFO - Processing file /opt/airflow/dags/main.py for tasks to queue
[2026-05-12T21:42:45.949+0000] {logging_mixin.py:188} INFO - [2026-05-12T21:42:45.949+0000] {dagbag.py:545} INFO - Filling up the DagBag from /opt/airflow/dags/main.py
[2026-05-12T21:42:45.978+0000] {logging_mixin.py:188} INFO - [2026-05-12T21:42:45.976+0000] {dagbag.py:355} ERROR - Failed to import: /opt/airflow/dags/main.py
Traceback (most recent call last):
  File "/home/airflow/.local/lib/python3.10/site-packages/airflow/models/dagbag.py", line 351, in parse
    loader.exec_module(new_module)
  File "<frozen importlib._bootstrap_external>", line 883, in exec_module
  File "<frozen importlib._bootstrap>", line 241, in _call_with_frames_removed
  File "/opt/airflow/dags/main.py", line 38, in <module>
    save_to_json_task = save_to_json(extracted_data)
  File "/opt/airflow/dags/api/videostatistics.py", line 130, in save_to_json
    json.dump(extracted_data, json_outfile, indent=4, ensure_ascii=False)
  File "/usr/local/lib/python3.10/json/__init__.py", line 179, in dump
    for chunk in iterable:
  File "/usr/local/lib/python3.10/json/encoder.py", line 438, in _iterencode
    o = _default(o)
  File "/usr/local/lib/python3.10/json/encoder.py", line 179, in default
    raise TypeError(f'Object of type {o.__class__.__name__} '
TypeError: Object of type PlainXComArg is not JSON serializable
[2026-05-12T21:42:45.978+0000] {processor.py:842} WARNING - No viable dags retrieved from /opt/airflow/dags/main.py
[2026-05-12T21:42:46.000+0000] {processor.py:183} INFO - Processing /opt/airflow/dags/main.py took 0.063 seconds
[2026-05-12T21:43:16.258+0000] {processor.py:161} INFO - Started process (PID=195) to work on /opt/airflow/dags/main.py
[2026-05-12T21:43:16.259+0000] {processor.py:830} INFO - Processing file /opt/airflow/dags/main.py for tasks to queue
[2026-05-12T21:43:16.261+0000] {logging_mixin.py:188} INFO - [2026-05-12T21:43:16.261+0000] {dagbag.py:545} INFO - Filling up the DagBag from /opt/airflow/dags/main.py
[2026-05-12T21:43:16.291+0000] {logging_mixin.py:188} INFO - [2026-05-12T21:43:16.290+0000] {dagbag.py:355} ERROR - Failed to import: /opt/airflow/dags/main.py
Traceback (most recent call last):
  File "/home/airflow/.local/lib/python3.10/site-packages/airflow/models/dagbag.py", line 351, in parse
    loader.exec_module(new_module)
  File "<frozen importlib._bootstrap_external>", line 883, in exec_module
  File "<frozen importlib._bootstrap>", line 241, in _call_with_frames_removed
  File "/opt/airflow/dags/main.py", line 38, in <module>
    save_to_json_task = save_to_json(extracted_data)
  File "/opt/airflow/dags/api/videostatistics.py", line 130, in save_to_json
    json.dump(extracted_data, json_outfile, indent=4, ensure_ascii=False)
  File "/usr/local/lib/python3.10/json/__init__.py", line 179, in dump
    for chunk in iterable:
  File "/usr/local/lib/python3.10/json/encoder.py", line 438, in _iterencode
    o = _default(o)
  File "/usr/local/lib/python3.10/json/encoder.py", line 179, in default
    raise TypeError(f'Object of type {o.__class__.__name__} '
TypeError: Object of type PlainXComArg is not JSON serializable
[2026-05-12T21:43:16.292+0000] {processor.py:842} WARNING - No viable dags retrieved from /opt/airflow/dags/main.py
[2026-05-12T21:43:16.310+0000] {processor.py:183} INFO - Processing /opt/airflow/dags/main.py took 0.058 seconds
[2026-05-12T21:43:46.527+0000] {processor.py:161} INFO - Started process (PID=202) to work on /opt/airflow/dags/main.py
[2026-05-12T21:43:46.530+0000] {processor.py:830} INFO - Processing file /opt/airflow/dags/main.py for tasks to queue
[2026-05-12T21:43:46.533+0000] {logging_mixin.py:188} INFO - [2026-05-12T21:43:46.533+0000] {dagbag.py:545} INFO - Filling up the DagBag from /opt/airflow/dags/main.py
[2026-05-12T21:43:46.564+0000] {logging_mixin.py:188} INFO - [2026-05-12T21:43:46.562+0000] {dagbag.py:355} ERROR - Failed to import: /opt/airflow/dags/main.py
Traceback (most recent call last):
  File "/home/airflow/.local/lib/python3.10/site-packages/airflow/models/dagbag.py", line 351, in parse
    loader.exec_module(new_module)
  File "<frozen importlib._bootstrap_external>", line 883, in exec_module
  File "<frozen importlib._bootstrap>", line 241, in _call_with_frames_removed
  File "/opt/airflow/dags/main.py", line 38, in <module>
    save_to_json_task = save_to_json(extracted_data)
  File "/opt/airflow/dags/api/videostatistics.py", line 130, in save_to_json
    json.dump(extracted_data, json_outfile, indent=4, ensure_ascii=False)
  File "/usr/local/lib/python3.10/json/__init__.py", line 179, in dump
    for chunk in iterable:
  File "/usr/local/lib/python3.10/json/encoder.py", line 438, in _iterencode
    o = _default(o)
  File "/usr/local/lib/python3.10/json/encoder.py", line 179, in default
    raise TypeError(f'Object of type {o.__class__.__name__} '
TypeError: Object of type PlainXComArg is not JSON serializable
[2026-05-12T21:43:46.565+0000] {processor.py:842} WARNING - No viable dags retrieved from /opt/airflow/dags/main.py
[2026-05-12T21:43:46.590+0000] {processor.py:183} INFO - Processing /opt/airflow/dags/main.py took 0.070 seconds
[2026-05-12T21:44:16.752+0000] {processor.py:161} INFO - Started process (PID=209) to work on /opt/airflow/dags/main.py
[2026-05-12T21:44:16.753+0000] {processor.py:830} INFO - Processing file /opt/airflow/dags/main.py for tasks to queue
[2026-05-12T21:44:16.756+0000] {logging_mixin.py:188} INFO - [2026-05-12T21:44:16.755+0000] {dagbag.py:545} INFO - Filling up the DagBag from /opt/airflow/dags/main.py
[2026-05-12T21:44:16.804+0000] {logging_mixin.py:188} INFO - [2026-05-12T21:44:16.801+0000] {dagbag.py:355} ERROR - Failed to import: /opt/airflow/dags/main.py
Traceback (most recent call last):
  File "/home/airflow/.local/lib/python3.10/site-packages/airflow/models/dagbag.py", line 351, in parse
    loader.exec_module(new_module)
  File "<frozen importlib._bootstrap_external>", line 883, in exec_module
  File "<frozen importlib._bootstrap>", line 241, in _call_with_frames_removed
  File "/opt/airflow/dags/main.py", line 38, in <module>
    save_to_json_task = save_to_json(extracted_data)
  File "/opt/airflow/dags/api/videostatistics.py", line 130, in save_to_json
    json.dump(extracted_data, json_outfile, indent=4, ensure_ascii=False)
  File "/usr/local/lib/python3.10/json/__init__.py", line 179, in dump
    for chunk in iterable:
  File "/usr/local/lib/python3.10/json/encoder.py", line 438, in _iterencode
    o = _default(o)
  File "/usr/local/lib/python3.10/json/encoder.py", line 179, in default
    raise TypeError(f'Object of type {o.__class__.__name__} '
TypeError: Object of type PlainXComArg is not JSON serializable
[2026-05-12T21:44:16.805+0000] {processor.py:842} WARNING - No viable dags retrieved from /opt/airflow/dags/main.py
[2026-05-12T21:44:16.837+0000] {processor.py:183} INFO - Processing /opt/airflow/dags/main.py took 0.095 seconds
[2026-05-12T21:44:47.005+0000] {processor.py:161} INFO - Started process (PID=216) to work on /opt/airflow/dags/main.py
[2026-05-12T21:44:47.007+0000] {processor.py:830} INFO - Processing file /opt/airflow/dags/main.py for tasks to queue
[2026-05-12T21:44:47.010+0000] {logging_mixin.py:188} INFO - [2026-05-12T21:44:47.009+0000] {dagbag.py:545} INFO - Filling up the DagBag from /opt/airflow/dags/main.py
[2026-05-12T21:44:47.068+0000] {logging_mixin.py:188} INFO - [2026-05-12T21:44:47.062+0000] {dagbag.py:355} ERROR - Failed to import: /opt/airflow/dags/main.py
Traceback (most recent call last):
  File "/home/airflow/.local/lib/python3.10/site-packages/airflow/models/dagbag.py", line 351, in parse
    loader.exec_module(new_module)
  File "<frozen importlib._bootstrap_external>", line 883, in exec_module
  File "<frozen importlib._bootstrap>", line 241, in _call_with_frames_removed
  File "/opt/airflow/dags/main.py", line 38, in <module>
    save_to_json_task = save_to_json(extracted_data)
  File "/opt/airflow/dags/api/videostatistics.py", line 130, in save_to_json
    json.dump(extracted_data, json_outfile, indent=4, ensure_ascii=False)
  File "/usr/local/lib/python3.10/json/__init__.py", line 179, in dump
    for chunk in iterable:
  File "/usr/local/lib/python3.10/json/encoder.py", line 438, in _iterencode
    o = _default(o)
  File "/usr/local/lib/python3.10/json/encoder.py", line 179, in default
    raise TypeError(f'Object of type {o.__class__.__name__} '
TypeError: Object of type PlainXComArg is not JSON serializable
[2026-05-12T21:44:47.069+0000] {processor.py:842} WARNING - No viable dags retrieved from /opt/airflow/dags/main.py
[2026-05-12T21:44:47.111+0000] {processor.py:183} INFO - Processing /opt/airflow/dags/main.py took 0.119 seconds
[2026-05-12T21:45:17.446+0000] {processor.py:161} INFO - Started process (PID=225) to work on /opt/airflow/dags/main.py
[2026-05-12T21:45:17.447+0000] {processor.py:830} INFO - Processing file /opt/airflow/dags/main.py for tasks to queue
[2026-05-12T21:45:17.450+0000] {logging_mixin.py:188} INFO - [2026-05-12T21:45:17.449+0000] {dagbag.py:545} INFO - Filling up the DagBag from /opt/airflow/dags/main.py
[2026-05-12T21:45:17.487+0000] {logging_mixin.py:188} INFO - [2026-05-12T21:45:17.481+0000] {dagbag.py:355} ERROR - Failed to import: /opt/airflow/dags/main.py
Traceback (most recent call last):
  File "/home/airflow/.local/lib/python3.10/site-packages/airflow/models/dagbag.py", line 351, in parse
    loader.exec_module(new_module)
  File "<frozen importlib._bootstrap_external>", line 883, in exec_module
  File "<frozen importlib._bootstrap>", line 241, in _call_with_frames_removed
  File "/opt/airflow/dags/main.py", line 38, in <module>
    save_to_json_task = save_to_json(extracted_data)
  File "/opt/airflow/dags/api/videostatistics.py", line 131, in save_to_json
    json.dump(extracted_data, json_outfile, indent=4, ensure_ascii=False)
  File "/usr/local/lib/python3.10/json/__init__.py", line 179, in dump
    for chunk in iterable:
  File "/usr/local/lib/python3.10/json/encoder.py", line 438, in _iterencode
    o = _default(o)
  File "/usr/local/lib/python3.10/json/encoder.py", line 179, in default
    raise TypeError(f'Object of type {o.__class__.__name__} '
TypeError: Object of type PlainXComArg is not JSON serializable
[2026-05-12T21:45:17.488+0000] {processor.py:842} WARNING - No viable dags retrieved from /opt/airflow/dags/main.py
[2026-05-12T21:45:17.554+0000] {processor.py:183} INFO - Processing /opt/airflow/dags/main.py took 0.127 seconds
[2026-05-12T21:45:48.122+0000] {processor.py:161} INFO - Started process (PID=232) to work on /opt/airflow/dags/main.py
[2026-05-12T21:45:48.125+0000] {processor.py:830} INFO - Processing file /opt/airflow/dags/main.py for tasks to queue
[2026-05-12T21:45:48.131+0000] {logging_mixin.py:188} INFO - [2026-05-12T21:45:48.128+0000] {dagbag.py:545} INFO - Filling up the DagBag from /opt/airflow/dags/main.py
[2026-05-12T21:45:48.192+0000] {logging_mixin.py:188} INFO - [2026-05-12T21:45:48.186+0000] {dagbag.py:355} ERROR - Failed to import: /opt/airflow/dags/main.py
Traceback (most recent call last):
  File "/home/airflow/.local/lib/python3.10/site-packages/airflow/models/dagbag.py", line 351, in parse
    loader.exec_module(new_module)
  File "<frozen importlib._bootstrap_external>", line 883, in exec_module
  File "<frozen importlib._bootstrap>", line 241, in _call_with_frames_removed
  File "/opt/airflow/dags/main.py", line 38, in <module>
    save_to_json_task = save_to_json(extracted_data)
  File "/opt/airflow/dags/api/videostatistics.py", line 131, in save_to_json
    json.dump(extracted_data, json_outfile, indent=4, ensure_ascii=False)
  File "/usr/local/lib/python3.10/json/__init__.py", line 179, in dump
    for chunk in iterable:
  File "/usr/local/lib/python3.10/json/encoder.py", line 438, in _iterencode
    o = _default(o)
  File "/usr/local/lib/python3.10/json/encoder.py", line 179, in default
    raise TypeError(f'Object of type {o.__class__.__name__} '
TypeError: Object of type PlainXComArg is not JSON serializable
[2026-05-12T21:45:48.192+0000] {processor.py:842} WARNING - No viable dags retrieved from /opt/airflow/dags/main.py
[2026-05-12T21:45:48.259+0000] {processor.py:183} INFO - Processing /opt/airflow/dags/main.py took 0.168 seconds
[2026-05-12T21:46:18.628+0000] {processor.py:161} INFO - Started process (PID=240) to work on /opt/airflow/dags/main.py
[2026-05-12T21:46:18.648+0000] {processor.py:830} INFO - Processing file /opt/airflow/dags/main.py for tasks to queue
[2026-05-12T21:46:18.733+0000] {logging_mixin.py:188} INFO - [2026-05-12T21:46:18.705+0000] {dagbag.py:545} INFO - Filling up the DagBag from /opt/airflow/dags/main.py
[2026-05-12T21:46:21.002+0000] {logging_mixin.py:188} INFO - [2026-05-12T21:46:20.629+0000] {dagbag.py:355} ERROR - Failed to import: /opt/airflow/dags/main.py
Traceback (most recent call last):
  File "/home/airflow/.local/lib/python3.10/site-packages/airflow/models/dagbag.py", line 351, in parse
    loader.exec_module(new_module)
  File "<frozen importlib._bootstrap_external>", line 883, in exec_module
  File "<frozen importlib._bootstrap>", line 241, in _call_with_frames_removed
  File "/opt/airflow/dags/main.py", line 38, in <module>
    save_to_json_task = save_to_json(extracted_data)
  File "/opt/airflow/dags/api/videostatistics.py", line 131, in save_to_json
    json.dump(extracted_data, json_outfile, indent=4, ensure_ascii=False)
  File "/usr/local/lib/python3.10/json/__init__.py", line 179, in dump
    for chunk in iterable:
  File "/usr/local/lib/python3.10/json/encoder.py", line 438, in _iterencode
    o = _default(o)
  File "/usr/local/lib/python3.10/json/encoder.py", line 179, in default
    raise TypeError(f'Object of type {o.__class__.__name__} '
TypeError: Object of type PlainXComArg is not JSON serializable
[2026-05-12T21:46:21.087+0000] {processor.py:842} WARNING - No viable dags retrieved from /opt/airflow/dags/main.py
[2026-05-12T21:46:22.700+0000] {processor.py:183} INFO - Processing /opt/airflow/dags/main.py took 4.134 seconds
[2026-05-12T21:46:53.005+0000] {processor.py:161} INFO - Started process (PID=248) to work on /opt/airflow/dags/main.py
[2026-05-12T21:46:53.007+0000] {processor.py:830} INFO - Processing file /opt/airflow/dags/main.py for tasks to queue
[2026-05-12T21:46:53.009+0000] {logging_mixin.py:188} INFO - [2026-05-12T21:46:53.009+0000] {dagbag.py:545} INFO - Filling up the DagBag from /opt/airflow/dags/main.py
[2026-05-12T21:46:53.036+0000] {logging_mixin.py:188} INFO - [2026-05-12T21:46:53.033+0000] {dagbag.py:355} ERROR - Failed to import: /opt/airflow/dags/main.py
Traceback (most recent call last):
  File "/home/airflow/.local/lib/python3.10/site-packages/airflow/models/dagbag.py", line 351, in parse
    loader.exec_module(new_module)
  File "<frozen importlib._bootstrap_external>", line 883, in exec_module
  File "<frozen importlib._bootstrap>", line 241, in _call_with_frames_removed
  File "/opt/airflow/dags/main.py", line 38, in <module>
    save_to_json_task = save_to_json(extracted_data)
  File "/opt/airflow/dags/api/videostatistics.py", line 131, in save_to_json
    json.dump(extracted_data, json_outfile, indent=4, ensure_ascii=False)
  File "/usr/local/lib/python3.10/json/__init__.py", line 179, in dump
    for chunk in iterable:
  File "/usr/local/lib/python3.10/json/encoder.py", line 438, in _iterencode
    o = _default(o)
  File "/usr/local/lib/python3.10/json/encoder.py", line 179, in default
    raise TypeError(f'Object of type {o.__class__.__name__} '
TypeError: Object of type PlainXComArg is not JSON serializable
[2026-05-12T21:46:53.037+0000] {processor.py:842} WARNING - No viable dags retrieved from /opt/airflow/dags/main.py
[2026-05-12T21:46:53.060+0000] {processor.py:183} INFO - Processing /opt/airflow/dags/main.py took 0.065 seconds
[2026-05-12T21:47:23.268+0000] {processor.py:161} INFO - Started process (PID=256) to work on /opt/airflow/dags/main.py
[2026-05-12T21:47:23.270+0000] {processor.py:830} INFO - Processing file /opt/airflow/dags/main.py for tasks to queue
[2026-05-12T21:47:23.272+0000] {logging_mixin.py:188} INFO - [2026-05-12T21:47:23.272+0000] {dagbag.py:545} INFO - Filling up the DagBag from /opt/airflow/dags/main.py
[2026-05-12T21:47:23.290+0000] {logging_mixin.py:188} INFO - [2026-05-12T21:47:23.288+0000] {dagbag.py:355} ERROR - Failed to import: /opt/airflow/dags/main.py
Traceback (most recent call last):
  File "/home/airflow/.local/lib/python3.10/site-packages/airflow/models/dagbag.py", line 351, in parse
    loader.exec_module(new_module)
  File "<frozen importlib._bootstrap_external>", line 883, in exec_module
  File "<frozen importlib._bootstrap>", line 241, in _call_with_frames_removed
  File "/opt/airflow/dags/main.py", line 38, in <module>
    save_to_json_task = save_to_json(extracted_data)
  File "/opt/airflow/dags/api/videostatistics.py", line 131, in save_to_json
    json.dump(extracted_data, json_outfile, indent=4, ensure_ascii=False)
  File "/usr/local/lib/python3.10/json/__init__.py", line 179, in dump
    for chunk in iterable:
  File "/usr/local/lib/python3.10/json/encoder.py", line 438, in _iterencode
    o = _default(o)
  File "/usr/local/lib/python3.10/json/encoder.py", line 179, in default
    raise TypeError(f'Object of type {o.__class__.__name__} '
TypeError: Object of type PlainXComArg is not JSON serializable
[2026-05-12T21:47:23.290+0000] {processor.py:842} WARNING - No viable dags retrieved from /opt/airflow/dags/main.py
[2026-05-12T21:47:23.305+0000] {processor.py:183} INFO - Processing /opt/airflow/dags/main.py took 0.042 seconds
[2026-05-12T21:47:53.568+0000] {processor.py:161} INFO - Started process (PID=264) to work on /opt/airflow/dags/main.py
[2026-05-12T21:47:53.570+0000] {processor.py:830} INFO - Processing file /opt/airflow/dags/main.py for tasks to queue
[2026-05-12T21:47:53.572+0000] {logging_mixin.py:188} INFO - [2026-05-12T21:47:53.571+0000] {dagbag.py:545} INFO - Filling up the DagBag from /opt/airflow/dags/main.py
[2026-05-12T21:47:53.585+0000] {logging_mixin.py:188} INFO - [2026-05-12T21:47:53.584+0000] {dagbag.py:355} ERROR - Failed to import: /opt/airflow/dags/main.py
Traceback (most recent call last):
  File "/home/airflow/.local/lib/python3.10/site-packages/airflow/models/dagbag.py", line 351, in parse
    loader.exec_module(new_module)
  File "<frozen importlib._bootstrap_external>", line 883, in exec_module
  File "<frozen importlib._bootstrap>", line 241, in _call_with_frames_removed
  File "/opt/airflow/dags/main.py", line 38, in <module>
    save_to_json_task = save_to_json(extracted_data)
  File "/opt/airflow/dags/api/videostatistics.py", line 131, in save_to_json
    json.dump(extracted_data, json_outfile, indent=4, ensure_ascii=False)
  File "/usr/local/lib/python3.10/json/__init__.py", line 179, in dump
    for chunk in iterable:
  File "/usr/local/lib/python3.10/json/encoder.py", line 438, in _iterencode
    o = _default(o)
  File "/usr/local/lib/python3.10/json/encoder.py", line 179, in default
    raise TypeError(f'Object of type {o.__class__.__name__} '
TypeError: Object of type PlainXComArg is not JSON serializable
[2026-05-12T21:47:53.585+0000] {processor.py:842} WARNING - No viable dags retrieved from /opt/airflow/dags/main.py
[2026-05-12T21:47:53.600+0000] {processor.py:183} INFO - Processing /opt/airflow/dags/main.py took 0.041 seconds
[2026-05-12T21:48:23.834+0000] {processor.py:161} INFO - Started process (PID=272) to work on /opt/airflow/dags/main.py
[2026-05-12T21:48:23.837+0000] {processor.py:830} INFO - Processing file /opt/airflow/dags/main.py for tasks to queue
[2026-05-12T21:48:23.838+0000] {logging_mixin.py:188} INFO - [2026-05-12T21:48:23.838+0000] {dagbag.py:545} INFO - Filling up the DagBag from /opt/airflow/dags/main.py
[2026-05-12T21:48:23.856+0000] {logging_mixin.py:188} INFO - [2026-05-12T21:48:23.854+0000] {dagbag.py:355} ERROR - Failed to import: /opt/airflow/dags/main.py
Traceback (most recent call last):
  File "/home/airflow/.local/lib/python3.10/site-packages/airflow/models/dagbag.py", line 351, in parse
    loader.exec_module(new_module)
  File "<frozen importlib._bootstrap_external>", line 883, in exec_module
  File "<frozen importlib._bootstrap>", line 241, in _call_with_frames_removed
  File "/opt/airflow/dags/main.py", line 38, in <module>
    save_to_json_task = save_to_json(extracted_data)
  File "/opt/airflow/dags/api/videostatistics.py", line 131, in save_to_json
    json.dump(extracted_data, json_outfile, indent=4, ensure_ascii=False)
  File "/usr/local/lib/python3.10/json/__init__.py", line 179, in dump
    for chunk in iterable:
  File "/usr/local/lib/python3.10/json/encoder.py", line 438, in _iterencode
    o = _default(o)
  File "/usr/local/lib/python3.10/json/encoder.py", line 179, in default
    raise TypeError(f'Object of type {o.__class__.__name__} '
TypeError: Object of type PlainXComArg is not JSON serializable
[2026-05-12T21:48:23.856+0000] {processor.py:842} WARNING - No viable dags retrieved from /opt/airflow/dags/main.py
[2026-05-12T21:48:23.873+0000] {processor.py:183} INFO - Processing /opt/airflow/dags/main.py took 0.044 seconds
[2026-05-12T21:48:54.127+0000] {processor.py:161} INFO - Started process (PID=280) to work on /opt/airflow/dags/main.py
[2026-05-12T21:48:54.128+0000] {processor.py:830} INFO - Processing file /opt/airflow/dags/main.py for tasks to queue
[2026-05-12T21:48:54.142+0000] {logging_mixin.py:188} INFO - [2026-05-12T21:48:54.141+0000] {dagbag.py:545} INFO - Filling up the DagBag from /opt/airflow/dags/main.py
[2026-05-12T21:48:54.173+0000] {logging_mixin.py:188} INFO - [2026-05-12T21:48:54.170+0000] {dagbag.py:355} ERROR - Failed to import: /opt/airflow/dags/main.py
Traceback (most recent call last):
  File "/home/airflow/.local/lib/python3.10/site-packages/airflow/models/dagbag.py", line 351, in parse
    loader.exec_module(new_module)
  File "<frozen importlib._bootstrap_external>", line 883, in exec_module
  File "<frozen importlib._bootstrap>", line 241, in _call_with_frames_removed
  File "/opt/airflow/dags/main.py", line 38, in <module>
    save_to_json_task = save_to_json(extracted_data)
  File "/opt/airflow/dags/api/videostatistics.py", line 131, in save_to_json
    json.dump(extracted_data, json_outfile, indent=4, ensure_ascii=False)
  File "/usr/local/lib/python3.10/json/__init__.py", line 179, in dump
    for chunk in iterable:
  File "/usr/local/lib/python3.10/json/encoder.py", line 438, in _iterencode
    o = _default(o)
  File "/usr/local/lib/python3.10/json/encoder.py", line 179, in default
    raise TypeError(f'Object of type {o.__class__.__name__} '
TypeError: Object of type PlainXComArg is not JSON serializable
[2026-05-12T21:48:54.173+0000] {processor.py:842} WARNING - No viable dags retrieved from /opt/airflow/dags/main.py
[2026-05-12T21:48:54.218+0000] {processor.py:183} INFO - Processing /opt/airflow/dags/main.py took 0.124 seconds
[2026-05-12T21:49:24.447+0000] {processor.py:161} INFO - Started process (PID=288) to work on /opt/airflow/dags/main.py
[2026-05-12T21:49:24.450+0000] {processor.py:830} INFO - Processing file /opt/airflow/dags/main.py for tasks to queue
[2026-05-12T21:49:24.454+0000] {logging_mixin.py:188} INFO - [2026-05-12T21:49:24.453+0000] {dagbag.py:545} INFO - Filling up the DagBag from /opt/airflow/dags/main.py
[2026-05-12T21:49:24.505+0000] {logging_mixin.py:188} INFO - [2026-05-12T21:49:24.498+0000] {dagbag.py:355} ERROR - Failed to import: /opt/airflow/dags/main.py
Traceback (most recent call last):
  File "/home/airflow/.local/lib/python3.10/site-packages/airflow/models/dagbag.py", line 351, in parse
    loader.exec_module(new_module)
  File "<frozen importlib._bootstrap_external>", line 883, in exec_module
  File "<frozen importlib._bootstrap>", line 241, in _call_with_frames_removed
  File "/opt/airflow/dags/main.py", line 38, in <module>
    save_to_json_task = save_to_json(extracted_data)
  File "/opt/airflow/dags/api/videostatistics.py", line 131, in save_to_json
    json.dump(extracted_data, json_outfile, indent=4, ensure_ascii=False)
  File "/usr/local/lib/python3.10/json/__init__.py", line 179, in dump
    for chunk in iterable:
  File "/usr/local/lib/python3.10/json/encoder.py", line 438, in _iterencode
    o = _default(o)
  File "/usr/local/lib/python3.10/json/encoder.py", line 179, in default
    raise TypeError(f'Object of type {o.__class__.__name__} '
TypeError: Object of type PlainXComArg is not JSON serializable
[2026-05-12T21:49:24.505+0000] {processor.py:842} WARNING - No viable dags retrieved from /opt/airflow/dags/main.py
[2026-05-12T21:49:24.539+0000] {processor.py:183} INFO - Processing /opt/airflow/dags/main.py took 0.110 seconds
[2026-05-12T21:49:54.894+0000] {processor.py:161} INFO - Started process (PID=296) to work on /opt/airflow/dags/main.py
[2026-05-12T21:49:54.896+0000] {processor.py:830} INFO - Processing file /opt/airflow/dags/main.py for tasks to queue
[2026-05-12T21:49:54.900+0000] {logging_mixin.py:188} INFO - [2026-05-12T21:49:54.898+0000] {dagbag.py:545} INFO - Filling up the DagBag from /opt/airflow/dags/main.py
[2026-05-12T21:49:54.940+0000] {logging_mixin.py:188} INFO - [2026-05-12T21:49:54.934+0000] {dagbag.py:355} ERROR - Failed to import: /opt/airflow/dags/main.py
Traceback (most recent call last):
  File "/home/airflow/.local/lib/python3.10/site-packages/airflow/models/dagbag.py", line 351, in parse
    loader.exec_module(new_module)
  File "<frozen importlib._bootstrap_external>", line 883, in exec_module
  File "<frozen importlib._bootstrap>", line 241, in _call_with_frames_removed
  File "/opt/airflow/dags/main.py", line 38, in <module>
    save_to_json_task = save_to_json(extracted_data)
  File "/opt/airflow/dags/api/videostatistics.py", line 131, in save_to_json
    json.dump(extracted_data, json_outfile, indent=4, ensure_ascii=False)
  File "/usr/local/lib/python3.10/json/__init__.py", line 179, in dump
    for chunk in iterable:
  File "/usr/local/lib/python3.10/json/encoder.py", line 438, in _iterencode
    o = _default(o)
  File "/usr/local/lib/python3.10/json/encoder.py", line 179, in default
    raise TypeError(f'Object of type {o.__class__.__name__} '
TypeError: Object of type PlainXComArg is not JSON serializable
[2026-05-12T21:49:54.940+0000] {processor.py:842} WARNING - No viable dags retrieved from /opt/airflow/dags/main.py
[2026-05-12T21:49:55.028+0000] {processor.py:183} INFO - Processing /opt/airflow/dags/main.py took 0.153 seconds
[2026-05-12T21:50:25.793+0000] {processor.py:161} INFO - Started process (PID=304) to work on /opt/airflow/dags/main.py
[2026-05-12T21:50:25.795+0000] {processor.py:830} INFO - Processing file /opt/airflow/dags/main.py for tasks to queue
[2026-05-12T21:50:25.798+0000] {logging_mixin.py:188} INFO - [2026-05-12T21:50:25.797+0000] {dagbag.py:545} INFO - Filling up the DagBag from /opt/airflow/dags/main.py
[2026-05-12T21:50:25.837+0000] {logging_mixin.py:188} INFO - [2026-05-12T21:50:25.833+0000] {dagbag.py:355} ERROR - Failed to import: /opt/airflow/dags/main.py
Traceback (most recent call last):
  File "/home/airflow/.local/lib/python3.10/site-packages/airflow/models/dagbag.py", line 351, in parse
    loader.exec_module(new_module)
  File "<frozen importlib._bootstrap_external>", line 883, in exec_module
  File "<frozen importlib._bootstrap>", line 241, in _call_with_frames_removed
  File "/opt/airflow/dags/main.py", line 38, in <module>
    save_to_json_task = save_to_json(extracted_data)
  File "/opt/airflow/dags/api/videostatistics.py", line 131, in save_to_json
    json.dump(extracted_data, json_outfile, indent=4, ensure_ascii=False)
  File "/usr/local/lib/python3.10/json/__init__.py", line 179, in dump
    for chunk in iterable:
  File "/usr/local/lib/python3.10/json/encoder.py", line 438, in _iterencode
    o = _default(o)
  File "/usr/local/lib/python3.10/json/encoder.py", line 179, in default
    raise TypeError(f'Object of type {o.__class__.__name__} '
TypeError: Object of type PlainXComArg is not JSON serializable
[2026-05-12T21:50:25.838+0000] {processor.py:842} WARNING - No viable dags retrieved from /opt/airflow/dags/main.py
[2026-05-12T21:50:25.881+0000] {processor.py:183} INFO - Processing /opt/airflow/dags/main.py took 0.103 seconds
[2026-05-12T21:50:57.805+0000] {processor.py:161} INFO - Started process (PID=312) to work on /opt/airflow/dags/main.py
[2026-05-12T21:50:58.025+0000] {processor.py:830} INFO - Processing file /opt/airflow/dags/main.py for tasks to queue
[2026-05-12T21:50:58.116+0000] {logging_mixin.py:188} INFO - [2026-05-12T21:50:58.058+0000] {dagbag.py:545} INFO - Filling up the DagBag from /opt/airflow/dags/main.py
[2026-05-12T21:50:58.415+0000] {logging_mixin.py:188} INFO - [2026-05-12T21:50:58.387+0000] {dagbag.py:355} ERROR - Failed to import: /opt/airflow/dags/main.py
Traceback (most recent call last):
  File "/home/airflow/.local/lib/python3.10/site-packages/airflow/models/dagbag.py", line 351, in parse
    loader.exec_module(new_module)
  File "<frozen importlib._bootstrap_external>", line 883, in exec_module
  File "<frozen importlib._bootstrap>", line 241, in _call_with_frames_removed
  File "/opt/airflow/dags/main.py", line 38, in <module>
    save_to_json_task = save_to_json(extracted_data)
  File "/opt/airflow/dags/api/videostatistics.py", line 131, in save_to_json
    json.dump(extracted_data, json_outfile, indent=4, ensure_ascii=False)
  File "/usr/local/lib/python3.10/json/__init__.py", line 179, in dump
    for chunk in iterable:
  File "/usr/local/lib/python3.10/json/encoder.py", line 438, in _iterencode
    o = _default(o)
  File "/usr/local/lib/python3.10/json/encoder.py", line 179, in default
    raise TypeError(f'Object of type {o.__class__.__name__} '
TypeError: Object of type PlainXComArg is not JSON serializable
[2026-05-12T21:50:58.420+0000] {processor.py:842} WARNING - No viable dags retrieved from /opt/airflow/dags/main.py
[2026-05-12T21:51:06.604+0000] {processor.py:183} INFO - Processing /opt/airflow/dags/main.py took 9.490 seconds
[2026-05-12T21:51:37.979+0000] {processor.py:161} INFO - Started process (PID=321) to work on /opt/airflow/dags/main.py
[2026-05-12T21:51:37.981+0000] {processor.py:830} INFO - Processing file /opt/airflow/dags/main.py for tasks to queue
[2026-05-12T21:51:37.984+0000] {logging_mixin.py:188} INFO - [2026-05-12T21:51:37.983+0000] {dagbag.py:545} INFO - Filling up the DagBag from /opt/airflow/dags/main.py
[2026-05-12T21:51:38.008+0000] {logging_mixin.py:188} INFO - [2026-05-12T21:51:38.006+0000] {dagbag.py:355} ERROR - Failed to import: /opt/airflow/dags/main.py
Traceback (most recent call last):
  File "/home/airflow/.local/lib/python3.10/site-packages/airflow/models/dagbag.py", line 351, in parse
    loader.exec_module(new_module)
  File "<frozen importlib._bootstrap_external>", line 883, in exec_module
  File "<frozen importlib._bootstrap>", line 241, in _call_with_frames_removed
  File "/opt/airflow/dags/main.py", line 38, in <module>
    save_to_json_task = save_to_json(extracted_data)
  File "/opt/airflow/dags/api/videostatistics.py", line 131, in save_to_json
    json.dump(extracted_data, json_outfile, indent=4, ensure_ascii=False)
  File "/usr/local/lib/python3.10/json/__init__.py", line 179, in dump
    for chunk in iterable:
  File "/usr/local/lib/python3.10/json/encoder.py", line 438, in _iterencode
    o = _default(o)
  File "/usr/local/lib/python3.10/json/encoder.py", line 179, in default
    raise TypeError(f'Object of type {o.__class__.__name__} '
TypeError: Object of type PlainXComArg is not JSON serializable
[2026-05-12T21:51:38.009+0000] {processor.py:842} WARNING - No viable dags retrieved from /opt/airflow/dags/main.py
[2026-05-12T21:51:38.027+0000] {processor.py:183} INFO - Processing /opt/airflow/dags/main.py took 0.055 seconds
[2026-05-12T21:52:08.249+0000] {processor.py:161} INFO - Started process (PID=329) to work on /opt/airflow/dags/main.py
[2026-05-12T21:52:08.252+0000] {processor.py:830} INFO - Processing file /opt/airflow/dags/main.py for tasks to queue
[2026-05-12T21:52:08.255+0000] {logging_mixin.py:188} INFO - [2026-05-12T21:52:08.255+0000] {dagbag.py:545} INFO - Filling up the DagBag from /opt/airflow/dags/main.py
[2026-05-12T21:52:08.277+0000] {logging_mixin.py:188} INFO - [2026-05-12T21:52:08.275+0000] {dagbag.py:355} ERROR - Failed to import: /opt/airflow/dags/main.py
Traceback (most recent call last):
  File "/home/airflow/.local/lib/python3.10/site-packages/airflow/models/dagbag.py", line 351, in parse
    loader.exec_module(new_module)
  File "<frozen importlib._bootstrap_external>", line 883, in exec_module
  File "<frozen importlib._bootstrap>", line 241, in _call_with_frames_removed
  File "/opt/airflow/dags/main.py", line 38, in <module>
    save_to_json_task = save_to_json(extracted_data)
  File "/opt/airflow/dags/api/videostatistics.py", line 131, in save_to_json
    json.dump(extracted_data, json_outfile, indent=4, ensure_ascii=False)
  File "/usr/local/lib/python3.10/json/__init__.py", line 179, in dump
    for chunk in iterable:
  File "/usr/local/lib/python3.10/json/encoder.py", line 438, in _iterencode
    o = _default(o)
  File "/usr/local/lib/python3.10/json/encoder.py", line 179, in default
    raise TypeError(f'Object of type {o.__class__.__name__} '
TypeError: Object of type PlainXComArg is not JSON serializable
[2026-05-12T21:52:08.277+0000] {processor.py:842} WARNING - No viable dags retrieved from /opt/airflow/dags/main.py
[2026-05-12T21:52:08.291+0000] {processor.py:183} INFO - Processing /opt/airflow/dags/main.py took 0.050 seconds
[2026-05-12T21:52:38.500+0000] {processor.py:161} INFO - Started process (PID=336) to work on /opt/airflow/dags/main.py
[2026-05-12T21:52:38.501+0000] {processor.py:830} INFO - Processing file /opt/airflow/dags/main.py for tasks to queue
[2026-05-12T21:52:38.504+0000] {logging_mixin.py:188} INFO - [2026-05-12T21:52:38.503+0000] {dagbag.py:545} INFO - Filling up the DagBag from /opt/airflow/dags/main.py
[2026-05-12T21:52:38.532+0000] {logging_mixin.py:188} INFO - [2026-05-12T21:52:38.530+0000] {dagbag.py:355} ERROR - Failed to import: /opt/airflow/dags/main.py
Traceback (most recent call last):
  File "/home/airflow/.local/lib/python3.10/site-packages/airflow/models/dagbag.py", line 351, in parse
    loader.exec_module(new_module)
  File "<frozen importlib._bootstrap_external>", line 883, in exec_module
  File "<frozen importlib._bootstrap>", line 241, in _call_with_frames_removed
  File "/opt/airflow/dags/main.py", line 38, in <module>
    save_to_json_task = save_to_json(extracted_data)
  File "/opt/airflow/dags/api/videostatistics.py", line 131, in save_to_json
    json.dump(extracted_data, json_outfile, indent=4, ensure_ascii=False)
  File "/usr/local/lib/python3.10/json/__init__.py", line 179, in dump
    for chunk in iterable:
  File "/usr/local/lib/python3.10/json/encoder.py", line 438, in _iterencode
    o = _default(o)
  File "/usr/local/lib/python3.10/json/encoder.py", line 179, in default
    raise TypeError(f'Object of type {o.__class__.__name__} '
TypeError: Object of type PlainXComArg is not JSON serializable
[2026-05-12T21:52:38.533+0000] {processor.py:842} WARNING - No viable dags retrieved from /opt/airflow/dags/main.py
[2026-05-12T21:52:38.551+0000] {processor.py:183} INFO - Processing /opt/airflow/dags/main.py took 0.057 seconds
[2026-05-12T21:53:33.397+0000] {processor.py:161} INFO - Started process (PID=350) to work on /opt/airflow/dags/main.py
[2026-05-12T21:53:33.400+0000] {processor.py:830} INFO - Processing file /opt/airflow/dags/main.py for tasks to queue
[2026-05-12T21:53:33.406+0000] {logging_mixin.py:188} INFO - [2026-05-12T21:53:33.406+0000] {dagbag.py:545} INFO - Filling up the DagBag from /opt/airflow/dags/main.py
[2026-05-12T21:53:33.455+0000] {logging_mixin.py:188} INFO - [2026-05-12T21:53:33.448+0000] {dagbag.py:355} ERROR - Failed to import: /opt/airflow/dags/main.py
Traceback (most recent call last):
  File "/home/airflow/.local/lib/python3.10/site-packages/airflow/models/dagbag.py", line 351, in parse
    loader.exec_module(new_module)
  File "<frozen importlib._bootstrap_external>", line 883, in exec_module
  File "<frozen importlib._bootstrap>", line 241, in _call_with_frames_removed
  File "/opt/airflow/dags/main.py", line 38, in <module>
    save_to_json_task = save_to_json(extracted_data)
  File "/opt/airflow/dags/api/videostatistics.py", line 131, in save_to_json
    json.dump(extracted_data, json_outfile, indent=4, ensure_ascii=False)
  File "/usr/local/lib/python3.10/json/__init__.py", line 179, in dump
    for chunk in iterable:
  File "/usr/local/lib/python3.10/json/encoder.py", line 438, in _iterencode
    o = _default(o)
  File "/usr/local/lib/python3.10/json/encoder.py", line 179, in default
    raise TypeError(f'Object of type {o.__class__.__name__} '
TypeError: Object of type PlainXComArg is not JSON serializable
[2026-05-12T21:53:33.456+0000] {processor.py:842} WARNING - No viable dags retrieved from /opt/airflow/dags/main.py
[2026-05-12T21:53:33.486+0000] {processor.py:183} INFO - Processing /opt/airflow/dags/main.py took 0.115 seconds
[2026-05-12T21:54:08.299+0000] {processor.py:161} INFO - Started process (PID=352) to work on /opt/airflow/dags/main.py
[2026-05-12T21:54:08.301+0000] {processor.py:830} INFO - Processing file /opt/airflow/dags/main.py for tasks to queue
[2026-05-12T21:54:08.306+0000] {logging_mixin.py:188} INFO - [2026-05-12T21:54:08.304+0000] {dagbag.py:545} INFO - Filling up the DagBag from /opt/airflow/dags/main.py
[2026-05-12T21:54:08.347+0000] {logging_mixin.py:188} INFO - [2026-05-12T21:54:08.342+0000] {dagbag.py:355} ERROR - Failed to import: /opt/airflow/dags/main.py
Traceback (most recent call last):
  File "/home/airflow/.local/lib/python3.10/site-packages/airflow/models/dagbag.py", line 351, in parse
    loader.exec_module(new_module)
  File "<frozen importlib._bootstrap_external>", line 883, in exec_module
  File "<frozen importlib._bootstrap>", line 241, in _call_with_frames_removed
  File "/opt/airflow/dags/main.py", line 38, in <module>
    save_to_json_task = save_to_json(extracted_data)
  File "/opt/airflow/dags/api/videostatistics.py", line 131, in save_to_json
    json.dump(extracted_data, json_outfile, indent=4, ensure_ascii=False)
  File "/usr/local/lib/python3.10/json/__init__.py", line 179, in dump
    for chunk in iterable:
  File "/usr/local/lib/python3.10/json/encoder.py", line 438, in _iterencode
    o = _default(o)
  File "/usr/local/lib/python3.10/json/encoder.py", line 179, in default
    raise TypeError(f'Object of type {o.__class__.__name__} '
TypeError: Object of type PlainXComArg is not JSON serializable
[2026-05-12T21:54:08.348+0000] {processor.py:842} WARNING - No viable dags retrieved from /opt/airflow/dags/main.py
[2026-05-12T21:54:08.377+0000] {processor.py:183} INFO - Processing /opt/airflow/dags/main.py took 0.087 seconds
