[2026-05-12T19:25:18.056+0000] {manager.py:470} INFO - Processing files using up to 2 processes at a time 
[2026-05-12T19:25:18.063+0000] {manager.py:471} INFO - Process each file at most once every 30 seconds
[2026-05-12T19:25:18.065+0000] {manager.py:472} INFO - Checking for new files in /opt/airflow/dags every 300 seconds
[2026-05-12T19:25:18.066+0000] {manager.py:737} INFO - Searching for files in /opt/airflow/dags
[2026-05-12T19:25:18.079+0000] {manager.py:740} INFO - There are 0 files in /opt/airflow/dags
[2026-05-12T19:30:20.170+0000] {manager.py:737} INFO - Searching for files in /opt/airflow/dags
[2026-05-12T19:30:20.625+0000] {manager.py:740} INFO - There are 0 files in /opt/airflow/dags
[2026-05-12T19:35:20.771+0000] {manager.py:737} INFO - Searching for files in /opt/airflow/dags
[2026-05-12T19:35:20.787+0000] {manager.py:740} INFO - There are 0 files in /opt/airflow/dags
[2026-05-12T19:40:21.635+0000] {manager.py:737} INFO - Searching for files in /opt/airflow/dags
[2026-05-12T19:40:21.655+0000] {manager.py:740} INFO - There are 0 files in /opt/airflow/dags
[2026-05-12T19:45:22.124+0000] {manager.py:737} INFO - Searching for files in /opt/airflow/dags
[2026-05-12T19:45:22.138+0000] {manager.py:740} INFO - There are 0 files in /opt/airflow/dags
[2026-05-12T19:49:13.993+0000] {manager.py:452} INFO - Exiting gracefully upon receiving signal 15
[2026-05-12T21:29:48.842+0000] {manager.py:470} INFO - Processing files using up to 2 processes at a time 
[2026-05-12T21:29:48.844+0000] {manager.py:471} INFO - Process each file at most once every 30 seconds
[2026-05-12T21:29:48.844+0000] {manager.py:472} INFO - Checking for new files in /opt/airflow/dags every 300 seconds
[2026-05-12T21:29:48.845+0000] {manager.py:737} INFO - Searching for files in /opt/airflow/dags
[2026-05-12T21:29:48.848+0000] {manager.py:740} INFO - There are 1 files in /opt/airflow/dags
[2026-05-12T21:29:48.922+0000] {manager.py:878} INFO - 
================================================================================
DAG File Processing Stats

File Path                    PID  Runtime      # DAGs    # Errors  Last Runtime    Last Run
-------------------------  -----  ---------  --------  ----------  --------------  ----------
/opt/airflow/dags/main.py     46  0.04s             0           0
================================================================================
[2026-05-12T21:30:20.576+0000] {manager.py:878} INFO - 
================================================================================
DAG File Processing Stats

File Path                    PID  Runtime      # DAGs    # Errors  Last Runtime    Last Run
-------------------------  -----  ---------  --------  ----------  --------------  -------------------
/opt/airflow/dags/main.py     53  0.20s             0           1  0.13s           2026-05-12T21:29:49
================================================================================
[2026-05-12T21:30:54.373+0000] {manager.py:878} INFO - 
================================================================================
DAG File Processing Stats

File Path                  PID    Runtime      # DAGs    # Errors  Last Runtime    Last Run
-------------------------  -----  ---------  --------  ----------  --------------  -------------------
/opt/airflow/dags/main.py                           0           1  15.74s          2026-05-12T21:30:35
================================================================================
[2026-05-12T21:31:28.208+0000] {manager.py:878} INFO - 
================================================================================
DAG File Processing Stats

File Path                    PID  Runtime      # DAGs    # Errors  Last Runtime    Last Run
-------------------------  -----  ---------  --------  ----------  --------------  -------------------
/opt/airflow/dags/main.py     60  21.58s            0           1  15.74s          2026-05-12T21:30:35
================================================================================
[2026-05-12T21:31:59.925+0000] {manager.py:878} INFO - 
================================================================================
DAG File Processing Stats

File Path                  PID    Runtime      # DAGs    # Errors  Last Runtime    Last Run
-------------------------  -----  ---------  --------  ----------  --------------  -------------------
/opt/airflow/dags/main.py                           0           1  35.86s          2026-05-12T21:31:42
================================================================================
[2026-05-12T21:32:30.151+0000] {manager.py:878} INFO - 
================================================================================
DAG File Processing Stats

File Path                  PID    Runtime      # DAGs    # Errors  Last Runtime    Last Run
-------------------------  -----  ---------  --------  ----------  --------------  -------------------
/opt/airflow/dags/main.py                           0           1  0.52s           2026-05-12T21:32:13
================================================================================
[2026-05-12T21:33:00.339+0000] {manager.py:878} INFO - 
================================================================================
DAG File Processing Stats

File Path                  PID    Runtime      # DAGs    # Errors  Last Runtime    Last Run
-------------------------  -----  ---------  --------  ----------  --------------  -------------------
/opt/airflow/dags/main.py                           0           1  0.07s           2026-05-12T21:32:43
================================================================================
[2026-05-12T21:33:30.720+0000] {manager.py:878} INFO - 
================================================================================
DAG File Processing Stats

File Path                  PID    Runtime      # DAGs    # Errors  Last Runtime    Last Run
-------------------------  -----  ---------  --------  ----------  --------------  -------------------
/opt/airflow/dags/main.py                           0           1  0.16s           2026-05-12T21:33:13
================================================================================
[2026-05-12T21:34:01.014+0000] {manager.py:878} INFO - 
================================================================================
DAG File Processing Stats

File Path                  PID    Runtime      # DAGs    # Errors  Last Runtime    Last Run
-------------------------  -----  ---------  --------  ----------  --------------  -------------------
/opt/airflow/dags/main.py                           0           1  0.30s           2026-05-12T21:33:44
================================================================================
[2026-05-12T21:34:31.253+0000] {manager.py:878} INFO - 
================================================================================
DAG File Processing Stats

File Path                    PID  Runtime      # DAGs    # Errors  Last Runtime    Last Run
-------------------------  -----  ---------  --------  ----------  --------------  -------------------
/opt/airflow/dags/main.py    100  16.71s            0           1  0.30s           2026-05-12T21:33:44
================================================================================
[2026-05-12T21:34:53.079+0000] {manager.py:737} INFO - Searching for files in /opt/airflow/dags
[2026-05-12T21:34:54.497+0000] {manager.py:740} INFO - There are 1 files in /opt/airflow/dags
[2026-05-12T21:35:01.960+0000] {manager.py:878} INFO - 
================================================================================
DAG File Processing Stats

File Path                  PID    Runtime      # DAGs    # Errors  Last Runtime    Last Run
-------------------------  -----  ---------  --------  ----------  --------------  -------------------
/opt/airflow/dags/main.py                           0           1  47.48s          2026-05-12T21:35:01
================================================================================
[2026-05-12T21:35:32.499+0000] {manager.py:878} INFO - 
================================================================================
DAG File Processing Stats

File Path                    PID  Runtime      # DAGs    # Errors  Last Runtime    Last Run
-------------------------  -----  ---------  --------  ----------  --------------  -------------------
/opt/airflow/dags/main.py    107  0.00s             0           1  47.48s          2026-05-12T21:35:01
================================================================================
[2026-05-12T21:36:02.643+0000] {manager.py:878} INFO - 
================================================================================
DAG File Processing Stats

File Path                  PID    Runtime      # DAGs    # Errors  Last Runtime    Last Run
-------------------------  -----  ---------  --------  ----------  --------------  -------------------
/opt/airflow/dags/main.py                           0           1  0.21s           2026-05-12T21:35:32
================================================================================
[2026-05-12T21:36:35.612+0000] {manager.py:878} INFO - 
================================================================================
DAG File Processing Stats

File Path                    PID  Runtime      # DAGs    # Errors  Last Runtime    Last Run
-------------------------  -----  ---------  --------  ----------  --------------  -------------------
/opt/airflow/dags/main.py    114  31.43s            0           1  0.21s           2026-05-12T21:35:32
================================================================================
[2026-05-12T21:37:06.742+0000] {manager.py:878} INFO - 
================================================================================
DAG File Processing Stats

File Path                  PID    Runtime      # DAGs    # Errors  Last Runtime    Last Run
-------------------------  -----  ---------  --------  ----------  --------------  -------------------
/opt/airflow/dags/main.py                           0           1  39.26s          2026-05-12T21:36:43
================================================================================
[2026-05-12T21:37:36.890+0000] {manager.py:878} INFO - 
================================================================================
DAG File Processing Stats

File Path                  PID    Runtime      # DAGs    # Errors  Last Runtime    Last Run
-------------------------  -----  ---------  --------  ----------  --------------  -------------------
/opt/airflow/dags/main.py                           0           1  0.13s           2026-05-12T21:37:13
================================================================================
[2026-05-12T21:38:10.172+0000] {manager.py:878} INFO - 
================================================================================
DAG File Processing Stats

File Path                  PID    Runtime      # DAGs    # Errors  Last Runtime    Last Run
-------------------------  -----  ---------  --------  ----------  --------------  -------------------
/opt/airflow/dags/main.py                           0           1  0.25s           2026-05-12T21:37:44
================================================================================
[2026-05-12T21:38:41.084+0000] {manager.py:878} INFO - 
================================================================================
DAG File Processing Stats

File Path                  PID    Runtime      # DAGs    # Errors  Last Runtime    Last Run
-------------------------  -----  ---------  --------  ----------  --------------  -------------------
/opt/airflow/dags/main.py                           0           1  23.95s          2026-05-12T21:38:40
================================================================================
[2026-05-12T21:39:11.302+0000] {manager.py:878} INFO - 
================================================================================
DAG File Processing Stats

File Path                  PID    Runtime      # DAGs    # Errors  Last Runtime    Last Run
-------------------------  -----  ---------  --------  ----------  --------------  -------------------
/opt/airflow/dags/main.py                           0           1  0.14s           2026-05-12T21:39:10
================================================================================
[2026-05-12T21:39:41.513+0000] {manager.py:878} INFO - 
================================================================================
DAG File Processing Stats

File Path                  PID    Runtime      # DAGs    # Errors  Last Runtime    Last Run
-------------------------  -----  ---------  --------  ----------  --------------  -------------------
/opt/airflow/dags/main.py                           0           1  0.08s           2026-05-12T21:39:40
================================================================================
[2026-05-12T21:39:53.599+0000] {manager.py:737} INFO - Searching for files in /opt/airflow/dags
[2026-05-12T21:39:53.611+0000] {manager.py:740} INFO - There are 1 files in /opt/airflow/dags
[2026-05-12T21:40:11.781+0000] {manager.py:878} INFO - 
================================================================================
DAG File Processing Stats

File Path                  PID    Runtime      # DAGs    # Errors  Last Runtime    Last Run
-------------------------  -----  ---------  --------  ----------  --------------  -------------------
/opt/airflow/dags/main.py                           0           1  0.07s           2026-05-12T21:40:10
================================================================================
[2026-05-12T21:40:42.078+0000] {manager.py:878} INFO - 
================================================================================
DAG File Processing Stats

File Path                  PID    Runtime      # DAGs    # Errors  Last Runtime    Last Run
-------------------------  -----  ---------  --------  ----------  --------------  -------------------
/opt/airflow/dags/main.py                           0           1  0.24s           2026-05-12T21:40:41
================================================================================
[2026-05-12T21:41:12.532+0000] {manager.py:878} INFO - 
================================================================================
DAG File Processing Stats

File Path                  PID    Runtime      # DAGs    # Errors  Last Runtime    Last Run
-------------------------  -----  ---------  --------  ----------  --------------  -------------------
/opt/airflow/dags/main.py                           0           1  0.14s           2026-05-12T21:41:11
================================================================================
[2026-05-12T21:41:44.098+0000] {manager.py:878} INFO - 
================================================================================
DAG File Processing Stats

File Path                    PID  Runtime      # DAGs    # Errors  Last Runtime    Last Run
-------------------------  -----  ---------  --------  ----------  --------------  -------------------
/opt/airflow/dags/main.py    175  1.96s             0           1  0.14s           2026-05-12T21:41:11
================================================================================
[2026-05-12T21:42:14.640+0000] {manager.py:878} INFO - 
================================================================================
DAG File Processing Stats

File Path                  PID    Runtime      # DAGs    # Errors  Last Runtime    Last Run
-------------------------  -----  ---------  --------  ----------  --------------  -------------------
/opt/airflow/dags/main.py                           0           1  3.16s           2026-05-12T21:41:45
================================================================================
[2026-05-12T21:42:44.908+0000] {manager.py:878} INFO - 
================================================================================
DAG File Processing Stats

File Path                  PID    Runtime      # DAGs    # Errors  Last Runtime    Last Run
-------------------------  -----  ---------  --------  ----------  --------------  -------------------
/opt/airflow/dags/main.py                           0           1  0.11s           2026-05-12T21:42:15
================================================================================
[2026-05-12T21:43:15.220+0000] {manager.py:878} INFO - 
================================================================================
DAG File Processing Stats

File Path                  PID    Runtime      # DAGs    # Errors  Last Runtime    Last Run
-------------------------  -----  ---------  --------  ----------  --------------  -------------------
/opt/airflow/dags/main.py                           0           1  0.08s           2026-05-12T21:42:46
================================================================================
[2026-05-12T21:43:45.481+0000] {manager.py:878} INFO - 
================================================================================
DAG File Processing Stats

File Path                  PID    Runtime      # DAGs    # Errors  Last Runtime    Last Run
-------------------------  -----  ---------  --------  ----------  --------------  -------------------
/opt/airflow/dags/main.py                           0           1  0.07s           2026-05-12T21:43:16
================================================================================
[2026-05-12T21:44:15.712+0000] {manager.py:878} INFO - 
================================================================================
DAG File Processing Stats

File Path                  PID    Runtime      # DAGs    # Errors  Last Runtime    Last Run
-------------------------  -----  ---------  --------  ----------  --------------  -------------------
/opt/airflow/dags/main.py                           0           1  0.09s           2026-05-12T21:43:46
================================================================================
[2026-05-12T21:44:45.965+0000] {manager.py:878} INFO - 
================================================================================
DAG File Processing Stats

File Path                  PID    Runtime      # DAGs    # Errors  Last Runtime    Last Run
-------------------------  -----  ---------  --------  ----------  --------------  -------------------
/opt/airflow/dags/main.py                           0           1  0.11s           2026-05-12T21:44:16
================================================================================
[2026-05-12T21:44:54.042+0000] {manager.py:737} INFO - Searching for files in /opt/airflow/dags
[2026-05-12T21:44:54.050+0000] {manager.py:740} INFO - There are 2 files in /opt/airflow/dags
[2026-05-12T21:45:16.377+0000] {manager.py:878} INFO - 
================================================================================
DAG File Processing Stats

File Path                                 PID    Runtime      # DAGs    # Errors  Last Runtime    Last Run
----------------------------------------  -----  ---------  --------  ----------  --------------  -------------------
/opt/airflow/dags/main.py                                          0           1  0.13s           2026-05-12T21:44:47
/opt/airflow/dags/api/videostatistics.py                           0           0  0.09s           2026-05-12T21:45:00
================================================================================
[2026-05-12T21:45:47.038+0000] {manager.py:878} INFO - 
================================================================================
DAG File Processing Stats

File Path                                 PID    Runtime      # DAGs    # Errors  Last Runtime    Last Run
----------------------------------------  -----  ---------  --------  ----------  --------------  -------------------
/opt/airflow/dags/api/videostatistics.py                           0           0  0.50s           2026-05-12T21:45:31
/opt/airflow/dags/main.py                                          0           1  0.16s           2026-05-12T21:45:17
================================================================================
[2026-05-12T21:46:17.472+0000] {manager.py:878} INFO - 
================================================================================
DAG File Processing Stats

File Path                                 PID    Runtime      # DAGs    # Errors  Last Runtime    Last Run
----------------------------------------  -----  ---------  --------  ----------  --------------  -------------------
/opt/airflow/dags/main.py                                          0           1  0.20s           2026-05-12T21:45:48
/opt/airflow/dags/api/videostatistics.py                           0           0  0.16s           2026-05-12T21:46:01
================================================================================
[2026-05-12T21:46:47.944+0000] {manager.py:878} INFO - 
================================================================================
DAG File Processing Stats

File Path                                 PID    Runtime      # DAGs    # Errors  Last Runtime    Last Run
----------------------------------------  -----  ---------  --------  ----------  --------------  -------------------
/opt/airflow/dags/main.py                                          0           1  4.17s           2026-05-12T21:46:22
/opt/airflow/dags/api/videostatistics.py                           0           0  0.10s           2026-05-12T21:46:31
================================================================================
[2026-05-12T21:47:18.212+0000] {manager.py:878} INFO - 
================================================================================
DAG File Processing Stats

File Path                                 PID    Runtime      # DAGs    # Errors  Last Runtime    Last Run
----------------------------------------  -----  ---------  --------  ----------  --------------  -------------------
/opt/airflow/dags/main.py                                          0           1  0.08s           2026-05-12T21:46:53
/opt/airflow/dags/api/videostatistics.py                           0           0  0.04s           2026-05-12T21:47:02
================================================================================
[2026-05-12T21:47:48.500+0000] {manager.py:878} INFO - 
================================================================================
DAG File Processing Stats

File Path                                 PID    Runtime      # DAGs    # Errors  Last Runtime    Last Run
----------------------------------------  -----  ---------  --------  ----------  --------------  -------------------
/opt/airflow/dags/main.py                                          0           1  0.05s           2026-05-12T21:47:23
/opt/airflow/dags/api/videostatistics.py                           0           0  0.05s           2026-05-12T21:47:32
================================================================================
[2026-05-12T21:48:18.771+0000] {manager.py:878} INFO - 
================================================================================
DAG File Processing Stats

File Path                                 PID    Runtime      # DAGs    # Errors  Last Runtime    Last Run
----------------------------------------  -----  ---------  --------  ----------  --------------  -------------------
/opt/airflow/dags/main.py                                          0           1  0.06s           2026-05-12T21:47:53
/opt/airflow/dags/api/videostatistics.py                           0           0  0.04s           2026-05-12T21:48:02
================================================================================
[2026-05-12T21:48:49.033+0000] {manager.py:878} INFO - 
================================================================================
DAG File Processing Stats

File Path                                 PID    Runtime      # DAGs    # Errors  Last Runtime    Last Run
----------------------------------------  -----  ---------  --------  ----------  --------------  -------------------
/opt/airflow/dags/api/videostatistics.py                           0           0  0.06s           2026-05-12T21:48:32
/opt/airflow/dags/main.py                                          0           1  0.06s           2026-05-12T21:48:23
================================================================================
[2026-05-12T21:49:19.374+0000] {manager.py:878} INFO - 
================================================================================
DAG File Processing Stats

File Path                                 PID    Runtime      # DAGs    # Errors  Last Runtime    Last Run
----------------------------------------  -----  ---------  --------  ----------  --------------  -------------------
/opt/airflow/dags/main.py                                          0           1  0.15s           2026-05-12T21:48:54
/opt/airflow/dags/api/videostatistics.py                           0           0  0.12s           2026-05-12T21:49:03
================================================================================
[2026-05-12T21:49:49.809+0000] {manager.py:878} INFO - 
================================================================================
DAG File Processing Stats

File Path                                 PID    Runtime      # DAGs    # Errors  Last Runtime    Last Run
----------------------------------------  -----  ---------  --------  ----------  --------------  -------------------
/opt/airflow/dags/api/videostatistics.py                           0           0  0.70s           2026-05-12T21:49:34
/opt/airflow/dags/main.py                                          0           1  0.13s           2026-05-12T21:49:24
================================================================================
[2026-05-12T21:49:54.369+0000] {manager.py:737} INFO - Searching for files in /opt/airflow/dags
[2026-05-12T21:49:54.387+0000] {manager.py:740} INFO - There are 2 files in /opt/airflow/dags
[2026-05-12T21:50:20.669+0000] {manager.py:878} INFO - 
================================================================================
DAG File Processing Stats

File Path                                 PID    Runtime      # DAGs    # Errors  Last Runtime    Last Run
----------------------------------------  -----  ---------  --------  ----------  --------------  -------------------
/opt/airflow/dags/main.py                                          0           1  0.18s           2026-05-12T21:49:55
/opt/airflow/dags/api/videostatistics.py                           0           0  0.13s           2026-05-12T21:50:05
================================================================================
[2026-05-12T21:50:51.230+0000] {manager.py:878} INFO - 
================================================================================
DAG File Processing Stats

File Path                                 PID    Runtime      # DAGs    # Errors  Last Runtime    Last Run
----------------------------------------  -----  ---------  --------  ----------  --------------  -------------------
/opt/airflow/dags/main.py                                          0           1  0.12s           2026-05-12T21:50:25
/opt/airflow/dags/api/videostatistics.py                           0           0  0.12s           2026-05-12T21:50:35
================================================================================
[2026-05-12T21:51:22.574+0000] {manager.py:878} INFO - 
================================================================================
DAG File Processing Stats

File Path                                 PID    Runtime      # DAGs    # Errors  Last Runtime    Last Run
----------------------------------------  -----  ---------  --------  ----------  --------------  -------------------
/opt/airflow/dags/main.py                                          0           1  9.98s           2026-05-12T21:51:06
/opt/airflow/dags/api/videostatistics.py                           0           0  0.92s           2026-05-12T21:51:07
================================================================================
[2026-05-12T21:51:53.119+0000] {manager.py:878} INFO - 
================================================================================
DAG File Processing Stats

File Path                                 PID    Runtime      # DAGs    # Errors  Last Runtime    Last Run
----------------------------------------  -----  ---------  --------  ----------  --------------  -------------------
/opt/airflow/dags/main.py                                          0           1  0.06s           2026-05-12T21:51:38
/opt/airflow/dags/api/videostatistics.py                           0           0  0.06s           2026-05-12T21:51:38
================================================================================
[2026-05-12T21:52:23.376+0000] {manager.py:878} INFO - 
================================================================================
DAG File Processing Stats

File Path                                 PID    Runtime      # DAGs    # Errors  Last Runtime    Last Run
----------------------------------------  -----  ---------  --------  ----------  --------------  -------------------
/opt/airflow/dags/main.py                                          0           1  0.06s           2026-05-12T21:52:08
/opt/airflow/dags/api/videostatistics.py                           0           0  0.05s           2026-05-12T21:52:08
================================================================================
[2026-05-12T21:52:53.655+0000] {manager.py:878} INFO - 
================================================================================
DAG File Processing Stats

File Path                                 PID    Runtime      # DAGs    # Errors  Last Runtime    Last Run
----------------------------------------  -----  ---------  --------  ----------  --------------  -------------------
/opt/airflow/dags/main.py                                          0           1  0.07s           2026-05-12T21:52:38
/opt/airflow/dags/api/videostatistics.py                           0           0  0.06s           2026-05-12T21:52:38
================================================================================
[2026-05-12T21:53:33.363+0000] {manager.py:878} INFO - 
================================================================================
DAG File Processing Stats

File Path                                   PID  Runtime      # DAGs    # Errors  Last Runtime    Last Run
----------------------------------------  -----  ---------  --------  ----------  --------------  -------------------
/opt/airflow/dags/main.py                   350  0.00s             0           1  0.07s           2026-05-12T21:52:38
/opt/airflow/dags/api/videostatistics.py    344  0.02s             0           0  0.06s           2026-05-12T21:52:38
================================================================================
[2026-05-12T21:54:08.287+0000] {manager.py:878} INFO - 
================================================================================
DAG File Processing Stats

File Path                                   PID  Runtime      # DAGs    # Errors  Last Runtime    Last Run
----------------------------------------  -----  ---------  --------  ----------  --------------  -------------------
/opt/airflow/dags/main.py                   352  0.00s             0           1  0.14s           2026-05-12T21:53:33
/opt/airflow/dags/api/videostatistics.py    351  -0.16s            0           0  0.11s           2026-05-12T21:53:33
================================================================================
[2026-05-13T06:48:07.777+0000] {manager.py:737} INFO - Searching for files in /opt/airflow/dags
[2026-05-13T06:48:07.837+0000] {manager.py:740} INFO - There are 2 files in /opt/airflow/dags
